components/art-pulse/ArtPulseViewer.tsx(90,32): error TS2769: No overload matches this call.
  Overload 1 of 4, '(value: string | number | Date): Date', gave the following error.
    Argument of type 'Date | undefined' is not assignable to parameter of type 'string | number | Date'.
      Type 'undefined' is not assignable to type 'string | number | Date'.
  Overload 2 of 4, '(value: string | number): Date', gave the following error.
    Argument of type 'Date | undefined' is not assignable to parameter of type 'string | number'.
      Type 'undefined' is not assignable to type 'string | number'.
components/art-pulse/ArtPulseViewer.tsx(146,63): error TS2339: Property 'likedBy' does not exist on type '{ reflectionId: string; likes: number; }'.
components/art-pulse/ArtPulseViewer.tsx(258,36): error TS2769: No overload matches this call.
  Overload 1 of 4, '(value: string | number | Date): Date', gave the following error.
    Argument of type 'Date | undefined' is not assignable to parameter of type 'string | number | Date'.
      Type 'undefined' is not assignable to type 'string | number | Date'.
  Overload 2 of 4, '(value: string | number): Date', gave the following error.
    Argument of type 'Date | undefined' is not assignable to parameter of type 'string | number'.
      Type 'undefined' is not assignable to type 'string | number'.
components/art-pulse/ArtPulseViewer.tsx(406,21): error TS2739: Type 'EmotionDistribution[]' is missing the following properties from type 'EmotionDistribution': emotion, count, percentage
components/art-pulse/EmotionBubbleCanvas.tsx(15,24): error TS2554: Expected 1 arguments, but got 0.
components/art-pulse/EmotionBubbleCanvas.tsx(43,11): error TS2353: Object literal may only specify known properties, and 'intensity' does not exist in type 'EmotionBubble'.
components/art-pulse/EmotionBubbleCanvas.tsx(66,19): error TS18048: 'bubble.vx' is possibly 'undefined'.
components/art-pulse/EmotionBubbleCanvas.tsx(67,19): error TS18048: 'bubble.vy' is possibly 'undefined'.
components/art-pulse/EmotionBubbleCanvas.tsx(70,23): error TS18048: 'bubble.radius' is possibly 'undefined'.
components/art-pulse/EmotionBubbleCanvas.tsx(70,60): error TS18048: 'bubble.radius' is possibly 'undefined'.
components/art-pulse/EmotionBubbleCanvas.tsx(71,9): error TS18048: 'bubble.vx' is possibly 'undefined'.
components/art-pulse/EmotionBubbleCanvas.tsx(72,29): error TS2345: Argument of type 'number | undefined' is not assignable to parameter of type 'number'.
  Type 'undefined' is not assignable to type 'number'.
components/art-pulse/EmotionBubbleCanvas.tsx(72,61): error TS18048: 'bubble.radius' is possibly 'undefined'.
components/art-pulse/EmotionBubbleCanvas.tsx(75,23): error TS18048: 'bubble.radius' is possibly 'undefined'.
components/art-pulse/EmotionBubbleCanvas.tsx(75,61): error TS18048: 'bubble.radius' is possibly 'undefined'.
components/art-pulse/EmotionBubbleCanvas.tsx(76,9): error TS18048: 'bubble.vy' is possibly 'undefined'.
components/art-pulse/EmotionBubbleCanvas.tsx(77,29): error TS2345: Argument of type 'number | undefined' is not assignable to parameter of type 'number'.
  Type 'undefined' is not assignable to type 'number'.
components/art-pulse/EmotionBubbleCanvas.tsx(77,62): error TS18048: 'bubble.radius' is possibly 'undefined'.
components/art-pulse/EmotionBubbleCanvas.tsx(85,7): error TS18048: 'bubble.vx' is possibly 'undefined'.
components/art-pulse/EmotionBubbleCanvas.tsx(86,7): error TS18048: 'bubble.vy' is possibly 'undefined'.
components/art-pulse/EmotionBubbleCanvas.tsx(89,7): error TS18048: 'bubble.vx' is possibly 'undefined'.
components/art-pulse/EmotionBubbleCanvas.tsx(90,7): error TS18048: 'bubble.vy' is possibly 'undefined'.
components/art-pulse/EmotionBubbleCanvas.tsx(93,7): error TS18048: 'bubble.vy' is possibly 'undefined'.
components/art-pulse/EmotionBubbleCanvas.tsx(94,7): error TS18048: 'bubble.vx' is possibly 'undefined'.
components/art-pulse/EmotionBubbleCanvas.tsx(106,29): error TS18048: 'bubbleA.radius' is possibly 'undefined'.
components/art-pulse/EmotionBubbleCanvas.tsx(106,46): error TS18048: 'bubbleB.radius' is possibly 'undefined'.
components/art-pulse/EmotionBubbleCanvas.tsx(122,13): error TS18048: 'bubbleA.vx' is possibly 'undefined'.
components/art-pulse/EmotionBubbleCanvas.tsx(123,13): error TS18048: 'bubbleA.vy' is possibly 'undefined'.
components/art-pulse/EmotionBubbleCanvas.tsx(124,13): error TS18048: 'bubbleB.vx' is possibly 'undefined'.
components/art-pulse/EmotionBubbleCanvas.tsx(125,13): error TS18048: 'bubbleB.vy' is possibly 'undefined'.
components/art-pulse/EmotionBubbleCanvas.tsx(169,29): error TS18048: 'bubble.radius' is possibly 'undefined'.
components/art-pulse/EmotionBubbleCanvas.tsx(176,35): error TS18048: 'bubble.radius' is possibly 'undefined'.
components/art-pulse/EmotionBubbleCanvas.tsx(181,20): error TS18048: 'bubble.radius' is possibly 'undefined'.
components/art-pulse/EmotionBubbleCanvas.tsx(182,20): error TS18048: 'bubble.radius' is possibly 'undefined'.
components/art-pulse/EmotionBubbleCanvas.tsx(186,9): error TS2345: Argument of type 'number | undefined' is not assignable to parameter of type 'number'.
  Type 'undefined' is not assignable to type 'number'.
components/art-pulse/EmotionBubbleCanvas.tsx(195,35): error TS2345: Argument of type 'number | undefined' is not assignable to parameter of type 'number'.
  Type 'undefined' is not assignable to type 'number'.
components/art-pulse/EmotionBubbleCanvas.tsx(202,20): error TS18048: 'bubble.radius' is possibly 'undefined'.
components/art-pulse/EmotionBubbleCanvas.tsx(203,20): error TS18048: 'bubble.radius' is possibly 'undefined'.
components/art-pulse/EmotionBubbleCanvas.tsx(204,9): error TS18048: 'bubble.radius' is possibly 'undefined'.
components/art-pulse/EmotionBubbleCanvas.tsx(212,21): error TS18048: 'bubble.radius' is possibly 'undefined'.
components/art-pulse/EmotionBubbleCanvas.tsx(215,20): error TS2345: Argument of type 'string | undefined' is not assignable to parameter of type 'string'.
  Type 'undefined' is not assignable to type 'string'.
components/art-pulse/ReflectionFeed.tsx(110,53): error TS2339: Property 'timestamp' does not exist on type 'ArtPulseReflection'.
components/art-pulse/ReflectionFeed.tsx(124,33): error TS2339: Property 'reflection' does not exist on type 'ArtPulseReflection'.
components/art-pulse/ReflectionFeed.tsx(135,36): error TS2339: Property 'likedBy' does not exist on type 'ArtPulseReflection'.
components/art-pulse/ReflectionFeed.tsx(141,38): error TS2339: Property 'likedBy' does not exist on type 'ArtPulseReflection'.
components/art-pulse/ReflectionFeed.tsx(144,35): error TS2339: Property 'likes' does not exist on type 'ArtPulseReflection'.
components/art-pulse/ReflectionFeed.tsx(165,31): error TS2339: Property 'likedBy' does not exist on type 'ArtPulseReflection'.
components/art-pulse/ReflectionInput.tsx(30,28): error TS2554: Expected 1 arguments, but got 0.
components/art-pulse/SessionResults.tsx(21,44): error TS2339: Property 'totalParticipants' does not exist on type 'SessionResults'.
components/art-pulse/SessionResults.tsx(49,32): error TS2339: Property 'totalParticipants' does not exist on type 'SessionResults'.
components/art-pulse/SessionResults.tsx(53,32): error TS2551: Property 'totalReflections' does not exist on type 'SessionResults'. Did you mean 'reflections'?
components/art-pulse/SessionResults.tsx(117,28): error TS2339: Property 'emotionDiversity' does not exist on type 'SessionResults'.
components/art-pulse/SessionResults.tsx(124,28): error TS2339: Property 'averageEngagement' does not exist on type 'SessionResults'.
components/art-pulse/SessionResults.tsx(130,37): error TS2339: Property 'sayuDistribution' does not exist on type 'SessionResults'.
components/art-pulse/SessionResults.tsx(133,41): error TS2339: Property 'sayuDistribution' does not exist on type 'SessionResults'.
components/art-pulse/SessionResults.tsx(136,27): error TS2322: Type 'unknown' is not assignable to type 'string | number | bigint | boolean | ReactElement<unknown, string | JSXElementConstructor<any>> | Iterable<ReactNode> | ReactPortal | Promise<...> | null | undefined'.
components/art-pulse/SessionResults.tsx(146,16): error TS2551: Property 'topReflections' does not exist on type 'SessionResults'. Did you mean 'reflections'?
components/art-pulse/SessionResults.tsx(155,22): error TS2551: Property 'topReflections' does not exist on type 'SessionResults'. Did you mean 'reflections'?
components/art-pulse/SessionResults.tsx(155,42): error TS7006: Parameter 'reflection' implicitly has an 'any' type.
components/art-pulse/SessionResults.tsx(155,54): error TS7006: Parameter 'index' implicitly has an 'any' type.
components/art-pulse/SessionResults.tsx(207,39): error TS2339: Property 'totalParticipants' does not exist on type 'SessionResults'.
components/artist-portal/index.ts(2,10): error TS2305: Module '"./ArtworkSubmissionForm"' has no exported member 'default'.
components/artists/ArtistCard.tsx(27,57): error TS2339: Property 'isFollowing' does not exist on type 'Artist'.
components/artists/ArtistCard.tsx(39,51): error TS2551: Property 'nameKo' does not exist on type 'Artist'. Did you mean 'name'?
components/artists/ArtistCard.tsx(39,67): error TS2551: Property 'nameKo' does not exist on type 'Artist'. Did you mean 'name'?
components/artists/ArtistCard.tsx(40,50): error TS2551: Property 'bioKo' does not exist on type 'Artist'. Did you mean 'bio'?
components/artists/ArtistCard.tsx(40,65): error TS2551: Property 'bioKo' does not exist on type 'Artist'. Did you mean 'bio'?
components/artists/ArtistCard.tsx(41,58): error TS2551: Property 'nationalityKo' does not exist on type 'Artist'. Did you mean 'nationality'?
components/artists/ArtistCard.tsx(41,81): error TS2551: Property 'nationalityKo' does not exist on type 'Artist'. Did you mean 'nationality'?
components/artists/ArtistCard.tsx(71,26): error TS2538: Type 'undefined' cannot be used as an index type.
components/artists/ArtistCard.tsx(82,23): error TS2339: Property 'images' does not exist on type 'Artist'.
components/artists/ArtistCard.tsx(85,27): error TS2339: Property 'images' does not exist on type 'Artist'.
components/artists/ArtistCard.tsx(100,23): error TS2339: Property 'images' does not exist on type 'Artist'.
components/artists/ArtistCard.tsx(103,27): error TS2339: Property 'images' does not exist on type 'Artist'.
components/artists/ArtistCard.tsx(123,23): error TS2339: Property 'artistManaged' does not exist on type 'Artist'.
components/artists/ArtistCard.tsx(126,27): error TS2339: Property 'artistManaged' does not exist on type 'Artist'.
components/artists/ArtistCard.tsx(211,25): error TS2339: Property 'palette' does not exist on type 'ArtistColorPalette'.
components/artists/ArtistCard.tsx(211,50): error TS7006: Parameter 'color' implicitly has an 'any' type.
components/artists/ArtistCard.tsx(211,57): error TS7006: Parameter 'index' implicitly has an 'any' type.
components/artists/ArtistCard.tsx(250,21): error TS2339: Property 'followCount' does not exist on type 'Artist'.
components/artists/ArtistsGrid.tsx(44,15): error TS2551: Property 'nameKo' does not exist on type 'Artist'. Did you mean 'name'?
components/artists/ArtistsGrid.tsx(44,32): error TS2551: Property 'nameKo' does not exist on type 'Artist'. Did you mean 'name'?
components/artists/ArtistsGrid.tsx(45,7): error TS18048: 'artist.nationality' is possibly 'undefined'.
components/artists/ArtistsGrid.tsx(46,15): error TS2551: Property 'nationalityKo' does not exist on type 'Artist'. Did you mean 'nationality'?
components/artists/ArtistsGrid.tsx(46,39): error TS2551: Property 'nationalityKo' does not exist on type 'Artist'. Did you mean 'nationality'?
components/artwork/ArtworkRecommendationCard.tsx(128,10): error TS2304: Cannot find name 'AnimatePresence'.
components/artwork/ArtworkRecommendationCard.tsx(197,11): error TS2304: Cannot find name 'AnimatePresence'.
components/chatbot/ArtCuratorChatbot.tsx(78,49): error TS2353: Object literal may only specify known properties, and 'personalityType' does not exist in type '{ artworkId?: string | undefined; artworkTitle?: string | undefined; artistName?: string | undefined; exhibitionName?: string | undefined; quizStep?: number | undefined; }'.
components/chatbot/ArtCuratorChatbot.tsx(112,12): error TS7053: Element implicitly has an 'any' type because expression of type 'string' can't be used to index type '{ LAEF: string; LAEC: string; LAMF: string; LAMC: string; LREF: string; LREC: string; LRMF: string; LRMC: string; SAEF: string; SAEC: string; SAMF: string; SAMC: string; SREF: string; SREC: string; SRMF: string; SRMC: string; }'.
  No index signature with a parameter of type 'string' was found on type '{ LAEF: string; LAEC: string; LAMF: string; LAMC: string; LREF: string; LREC: string; LRMF: string; LRMC: string; SAEF: string; SAEC: string; SAMF: string; SAMC: string; SREF: string; SREC: string; SRMF: string; SRMC: string; }'.
components/chatbot/ArtCuratorChatbot.tsx(253,9): error TS2322: Type 'Dispatch<SetStateAction<"excited" | "idle" | "happy" | "thinking">>' is not assignable to type '(mood: CompanionMood) => void'.
  Types of parameters 'value' and 'mood' are incompatible.
    Type 'CompanionMood' is not assignable to type 'SetStateAction<"excited" | "idle" | "happy" | "thinking">'.
      Type '"sleeping"' is not assignable to type 'SetStateAction<"excited" | "idle" | "happy" | "thinking">'.
components/chatbot/SmartChatbot.tsx(31,25): error TS2554: Expected 1 arguments, but got 0.
components/collection/SharedCollectionCreator.tsx(203,14): error TS2739: Type '{ className: string; }' is missing the following properties from type '{ src: string | StaticImport; alt: string; width?: number | `${number}` | undefined; height?: number | `${number}` | undefined; fill?: boolean | undefined; loader?: ImageLoader | undefined; ... 12 more ...; lazyRoot?: string | undefined; }': src, alt
components/collection/SharedCollectionViewer.tsx(282,30): error TS2339: Property 'id' does not exist on type '{ artworkId: string; addedBy: string; note?: string | undefined; voiceNote?: string | undefined; addedAt: Date; }'.
components/collection/SharedCollectionViewer.tsx(285,51): error TS2345: Argument of type '{ artworkId: string; addedBy: string; note?: string | undefined; voiceNote?: string | undefined; addedAt: Date; }' is not assignable to parameter of type 'SetStateAction<CollectionArtwork | null>'.
  Type '{ artworkId: string; addedBy: string; note?: string | undefined; voiceNote?: string | undefined; addedAt: Date; }' is missing the following properties from type 'CollectionArtwork': id, title, artist, image
components/collection/SharedCollectionViewer.tsx(288,32): error TS2339: Property 'image' does not exist on type '{ artworkId: string; addedBy: string; note?: string | undefined; voiceNote?: string | undefined; addedAt: Date; }'.
components/collection/SharedCollectionViewer.tsx(289,32): error TS2339: Property 'title' does not exist on type '{ artworkId: string; addedBy: string; note?: string | undefined; voiceNote?: string | undefined; addedAt: Date; }'.
components/collection/SharedCollectionViewer.tsx(294,63): error TS2339: Property 'title' does not exist on type '{ artworkId: string; addedBy: string; note?: string | undefined; voiceNote?: string | undefined; addedAt: Date; }'.
components/collection/SharedCollectionViewer.tsx(295,62): error TS2339: Property 'artist' does not exist on type '{ artworkId: string; addedBy: string; note?: string | undefined; voiceNote?: string | undefined; addedAt: Date; }'.
components/collections/AddArtworkModal.tsx(50,40): error TS2339: Property 'searchArtworks' does not exist on type '{ metMuseum: { name: string; baseUrl: string; commercialUse: boolean; documentation: string; features: string[]; getArtwork: (objectID: number) => Promise<any>; search: (query: string) => Promise<...>; }; artInstituteChicago: { ...; }; rijksmuseum: { ...; }; clevelandMuseum: { ...; }; harvardMuseums: { ...; }; }'.
components/collections/AddToCollectionButton.tsx(105,13): error TS2345: Argument of type '{ title: string; description: string; }' is not assignable to parameter of type 'string'.
components/collections/AddToCollectionButton.tsx(116,15): error TS2345: Argument of type '{ title: string; variant: string; }' is not assignable to parameter of type 'string'.
components/collections/AddToCollectionButton.tsx(121,15): error TS2345: Argument of type '{ title: string; description: string; variant: string; }' is not assignable to parameter of type 'string'.
components/collections/CreateCollectionModal.tsx(41,13): error TS2345: Argument of type '{ title: string; variant: string; }' is not assignable to parameter of type 'string'.
components/collections/CreateCollectionModal.tsx(56,13): error TS2345: Argument of type '{ title: string; description: string; }' is not assignable to parameter of type 'string'.
components/collections/CreateCollectionModal.tsx(70,13): error TS2345: Argument of type '{ title: string; description: string; variant: string; }' is not assignable to parameter of type 'string'.
components/community/PersonalityLounge.tsx(34,25): error TS7053: Element implicitly has an 'any' type because expression of type 'string' can't be used to index type '{ GAMF: { name: string; emoji: string; theme: { primary: string; secondary: string; gradient: string; }; welcomeMessage: string; }; }'.
  No index signature with a parameter of type 'string' was found on type '{ GAMF: { name: string; emoji: string; theme: { primary: string; secondary: string; gradient: string; }; welcomeMessage: string; }; }'.
components/daily-challenge/DailyChallengeCard.tsx(13,15): error TS2305: Module '"../../../shared"' has no exported member 'DailyChallenge'.
components/daily-challenge/DailyChallengeCard.tsx(13,31): error TS2305: Module '"../../../shared"' has no exported member 'ChallengeProgressState'.
components/daily-challenge/DailyChallengeCard.tsx(51,13): error TS2345: Argument of type '{ title: string; variant: string; }' is not assignable to parameter of type 'string'.
components/daily-challenge/DailyChallengeCard.tsx(205,34): error TS2551: Property 'apt_type' does not exist on type '{ id: string; aptType: string; }'. Did you mean 'aptType'?
components/daily-challenge/EmotionSelector.tsx(20,15): error TS2305: Module '"../../../shared"' has no exported member 'DailyChallenge'.
components/daily-challenge/EmotionSelector.tsx(82,13): error TS2345: Argument of type '{ title: string; variant: string; }' is not assignable to parameter of type 'string'.
components/daily-challenge/EmotionSelector.tsx(101,13): error TS2345: Argument of type '{ title: string; description: string; }' is not assignable to parameter of type 'string'.
components/daily-challenge/EmotionSelector.tsx(112,15): error TS2345: Argument of type '{ title: string; variant: string; }' is not assignable to parameter of type 'string'.
components/daily-challenge/EmotionSelector.tsx(117,15): error TS2345: Argument of type '{ title: string; description: string; variant: string; }' is not assignable to parameter of type 'string'.
components/daily-challenge/MatchResults.tsx(18,15): error TS2305: Module '"../../../shared"' has no exported member 'ChallengeMatch'.
components/daily-challenge/MatchResults.tsx(18,31): error TS2305: Module '"../../../shared"' has no exported member 'DailyChallengeStats'.
components/daily-challenge/MatchResults.tsx(92,57): error TS7006: Parameter 'match' implicitly has an 'any' type.
components/daily-challenge/MatchResults.tsx(101,17): error TS2345: Argument of type '{ title: string; description: string; }' is not assignable to parameter of type 'string'.
components/daily-challenge/MatchResults.tsx(110,15): error TS2345: Argument of type '{ title: string; description: string; variant: string; }' is not assignable to parameter of type 'string'.
components/daily-challenge/MatchResults.tsx(126,15): error TS2339: Property 'id' does not exist on type 'MatchWithStatus'.
components/daily-challenge/MatchResults.tsx(132,16): error TS2339: Property 'id' does not exist on type 'MatchWithStatus'.
components/daily-challenge/MatchResults.tsx(139,11): error TS2345: Argument of type '{ title: string; description: string | undefined; }' is not assignable to parameter of type 'string'.
components/daily-challenge/MatchResults.tsx(152,16): error TS2339: Property 'match_score' does not exist on type 'MatchWithStatus'.
components/daily-challenge/MatchResults.tsx(159,16): error TS2339: Property 'apt_compatibility' does not exist on type 'MatchWithStatus'.
components/daily-challenge/MatchResults.tsx(166,16): error TS2339: Property 'emotion_similarity' does not exist on type 'MatchWithStatus'.
components/daily-challenge/MatchResults.tsx(173,36): error TS2339: Property 'apt_compatibility' does not exist on type 'MatchWithStatus'.
components/daily-challenge/MatchResults.tsx(173,65): error TS2339: Property 'apt_compatibility' does not exist on type 'MatchWithStatus'.
components/daily-challenge/MatchResults.tsx(176,36): error TS2339: Property 'emotion_similarity' does not exist on type 'MatchWithStatus'.
components/daily-challenge/MatchResults.tsx(176,66): error TS2339: Property 'emotion_similarity' does not exist on type 'MatchWithStatus'.
components/daily-challenge/MatchResults.tsx(182,36): error TS2339: Property 'match_score' does not exist on type 'MatchWithStatus'.
components/daily-challenge/MatchResults.tsx(182,59): error TS2339: Property 'match_score' does not exist on type 'MatchWithStatus'.
components/daily-challenge/MatchResults.tsx(337,28): error TS2339: Property 'id' does not exist on type 'MatchWithStatus'.
components/daily-challenge/MatchResults.tsx(363,45): error TS2339: Property 'match_score' does not exist on type 'MatchWithStatus'.
components/daily-challenge/MatchResults.tsx(364,46): error TS2339: Property 'apt_compatibility' does not exist on type 'MatchWithStatus'.
components/daily-challenge/MatchResults.tsx(365,47): error TS2339: Property 'emotion_similarity' does not exist on type 'MatchWithStatus'.
components/daily-challenge/MatchResults.tsx(391,41): error TS2339: Property 'matched_user' does not exist on type 'MatchWithStatus'.
components/daily-challenge/MatchResults.tsx(393,26): error TS2339: Property 'matched_user' does not exist on type 'MatchWithStatus'.
components/daily-challenge/MatchResults.tsx(397,51): error TS2339: Property 'matched_user' does not exist on type 'MatchWithStatus'.
components/daily-challenge/MatchResults.tsx(399,26): error TS2339: Property 'matched_user' does not exist on type 'MatchWithStatus'.
components/daily-challenge/MatchResults.tsx(435,16): error TS2339: Property 'match_reasons' does not exist on type 'MatchWithStatus'.
components/daily-challenge/MatchResults.tsx(435,39): error TS2339: Property 'match_reasons' does not exist on type 'MatchWithStatus'.
components/daily-challenge/MatchResults.tsx(437,20): error TS2339: Property 'match_reasons' does not exist on type 'MatchWithStatus'.
components/daily-challenge/MatchResults.tsx(437,39): error TS7006: Parameter 'reason' implicitly has an 'any' type.
components/daily-challenge/MatchResults.tsx(437,47): error TS7006: Parameter 'idx' implicitly has an 'any' type.
components/daily-challenge/MatchResults.tsx(453,53): error TS2339: Property 'id' does not exist on type 'MatchWithStatus'.
components/daily-challenge/MatchResults.tsx(461,53): error TS2339: Property 'id' does not exist on type 'MatchWithStatus'.
components/daily-challenge/MatchResults.tsx(482,51): error TS2339: Property 'id' does not exist on type 'MatchWithStatus'.
components/daily-challenge/MatchResults.tsx(535,48): error TS7006: Parameter 'emotion' implicitly has an 'any' type.
components/daily-challenge/MatchResults.tsx(535,57): error TS7006: Parameter 'index' implicitly has an 'any' type.
components/daily-challenge/MatchResults.tsx(568,39): error TS18046: 'b' is of type 'unknown'.
components/daily-challenge/MatchResults.tsx(568,43): error TS18046: 'a' is of type 'unknown'.
components/daily-challenge/MatchResults.tsx(573,67): error TS2322: Type 'unknown' is not assignable to type 'string | number | bigint | boolean | ReactElement<unknown, string | JSXElementConstructor<any>> | Iterable<ReactNode> | ReactPortal | Promise<...> | null | undefined'.
components/dashboard/UserJourneyWidget.tsx(204,36): error TS2339: Property 'completed' does not exist on type '{ title: string; completed: boolean; } | { title: string; locked: boolean; }'.
  Property 'completed' does not exist on type '{ title: string; locked: boolean; }'.
components/dashboard/UserJourneyWidget.tsx(206,39): error TS2339: Property 'locked' does not exist on type '{ title: string; completed: boolean; } | { title: string; locked: boolean; }'.
  Property 'locked' does not exist on type '{ title: string; completed: boolean; }'.
components/dashboard/UserJourneyWidget.tsx(212,37): error TS2339: Property 'completed' does not exist on type '{ title: string; completed: boolean; } | { title: string; locked: boolean; }'.
  Property 'completed' does not exist on type '{ title: string; locked: boolean; }'.
components/dashboard/UserJourneyWidget.tsx(213,37): error TS2339: Property 'locked' does not exist on type '{ title: string; completed: boolean; } | { title: string; locked: boolean; }'.
  Property 'locked' does not exist on type '{ title: string; completed: boolean; }'.
components/emotion/EmotionColorPicker.tsx(5,26): error TS7016: Could not find a declaration file for module 'lodash'. 'C:/Users/SAMSUNG/Documents/GitHub/SAYU/frontend/node_modules/lodash/lodash.js' implicitly has an 'any' type.
  Try `npm i --save-dev @types/lodash` if it exists or add a new declaration (.d.ts) file containing `declare module 'lodash';`
components/emotion/EmotionColorPicker.tsx(6,10): error TS2305: Module '"../../../shared"' has no exported member 'HSLColor'.
components/emotion/EmotionColorPicker.tsx(33,19): error TS2339: Property 'primary' does not exist on type 'EmotionColor'.
components/emotion/EmotionColorPicker.tsx(183,7): error TS2353: Object literal may only specify known properties, and 'primary' does not exist in type 'EmotionColor'.
components/emotion/EmotionColorPicker.tsx(273,34): error TS2349: This expression is not callable.
  Type 'String' has no call signatures.
components/emotion/EmotionTranslator.tsx(89,38): error TS2741: Property 'primary' is missing in type 'import("C:/Users/SAMSUNG/Documents/GitHub/SAYU/shared/index").EmotionColor' but required in type 'import("C:/Users/SAMSUNG/Documents/GitHub/SAYU/frontend/types/emotion-translation").EmotionColor'.
components/emotion/EmotionTranslator.tsx(234,19): error TS2322: Type 'import("C:/Users/SAMSUNG/Documents/GitHub/SAYU/frontend/types/emotion-translation").EmotionColor | undefined' is not assignable to type 'import("C:/Users/SAMSUNG/Documents/GitHub/SAYU/shared/index").EmotionColor | undefined'.
  Type 'EmotionColor' is missing the following properties from type 'EmotionColor': hue, saturation, lightness
components/examples/React19ShowcaseComponent.tsx(208,7): error TS2322: Type '(data: any, variables: any) => void' is not assignable to type '(data: { likes: number; isLiked: boolean; }) => void'.
  Target signature provides too few arguments. Expected 2 or more, but got 1.
components/examples/React19ShowcaseComponent.tsx(208,19): error TS7006: Parameter 'data' implicitly has an 'any' type.
components/examples/React19ShowcaseComponent.tsx(208,25): error TS7006: Parameter 'variables' implicitly has an 'any' type.
components/exhibition-companion/CompanionRequestCard.tsx(10,15): error TS2305: Module '"../../../shared"' has no exported member 'CompanionRequest'.
components/exhibition-companion/CompanionRequestCard.tsx(11,10): error TS2305: Module '"../../../shared"' has no exported member 'TIME_SLOT_OPTIONS'.
components/exhibition-companion/CompanionRequestCard.tsx(11,29): error TS2305: Module '"../../../shared"' has no exported member 'VIEWING_PACE_OPTIONS'.
components/exhibition-companion/CompanionRequestCard.tsx(11,51): error TS2305: Module '"../../../shared"' has no exported member 'INTERACTION_STYLE_OPTIONS'.
components/exhibition-companion/CompanionRequestCard.tsx(31,43): error TS7006: Parameter 't' implicitly has an 'any' type.
components/exhibition-companion/CompanionRequestCard.tsx(32,49): error TS7006: Parameter 'v' implicitly has an 'any' type.
components/exhibition-companion/CompanionRequestCard.tsx(33,59): error TS7006: Parameter 'i' implicitly has an 'any' type.
components/exhibition-companion/CompanionRequestCard.tsx(114,48): error TS7006: Parameter 'type' implicitly has an 'any' type.
components/exhibition-companion/CreateCompanionRequest.tsx(24,3): error TS2305: Module '"../../../shared"' has no exported member 'TIME_SLOT_OPTIONS'.
components/exhibition-companion/CreateCompanionRequest.tsx(25,3): error TS2305: Module '"../../../shared"' has no exported member 'VIEWING_PACE_OPTIONS'.
components/exhibition-companion/CreateCompanionRequest.tsx(26,3): error TS2305: Module '"../../../shared"' has no exported member 'INTERACTION_STYLE_OPTIONS'.
components/exhibition-companion/CreateCompanionRequest.tsx(28,15): error TS2305: Module '"../../../shared"' has no exported member 'Exhibition'.
components/exhibition-companion/CreateCompanionRequest.tsx(28,27): error TS2305: Module '"../../../shared"' has no exported member 'CompanionRequest'.
components/exhibition-companion/CreateCompanionRequest.tsx(106,53): error TS2551: Property 'getMyCompanionRequests' does not exist on type '{ getExhibitions(filters?: { category?: string | undefined; venue?: string | undefined; dateRange?: { start: string; end: string; } | undefined; } | undefined): Promise<Exhibition[]>; ... 12 more ...; createMatch(requestId: string): Promise<...>; }'. Did you mean 'createCompanionRequest'?
components/exhibition-companion/CreateCompanionRequest.tsx(107,43): error TS7006: Parameter 'req' implicitly has an 'any' type.
components/exhibition-companion/CreateCompanionRequest.tsx(119,53): error TS2339: Property 'getRequestsByDate' does not exist on type '{ getExhibitions(filters?: { category?: string | undefined; venue?: string | undefined; dateRange?: { start: string; end: string; } | undefined; } | undefined): Promise<Exhibition[]>; ... 12 more ...; createMatch(requestId: string): Promise<...>; }'.
components/exhibition-companion/CreateCompanionRequest.tsx(141,13): error TS2345: Argument of type '{ title: string; variant: string; }' is not assignable to parameter of type 'string'.
components/exhibition-companion/CreateCompanionRequest.tsx(155,13): error TS2345: Argument of type '{ title: string; description: string; variant: string; }' is not assignable to parameter of type 'string'.
components/exhibition-companion/CreateCompanionRequest.tsx(177,13): error TS2345: Argument of type '{ title: string; description: string; }' is not assignable to parameter of type 'string'.
components/exhibition-companion/CreateCompanionRequest.tsx(189,13): error TS2345: Argument of type '{ title: string; description: any; variant: string; }' is not assignable to parameter of type 'string'.
components/exhibition-companion/CreateCompanionRequest.tsx(327,38): error TS7006: Parameter 'option' implicitly has an 'any' type.
components/exhibition-companion/CreateCompanionRequest.tsx(384,43): error TS7006: Parameter 'option' implicitly has an 'any' type.
components/exhibition-companion/CreateCompanionRequest.tsx(401,48): error TS7006: Parameter 'option' implicitly has an 'any' type.
components/exhibition-companion/CreateCompanionRequest.tsx(463,75): error TS7006: Parameter 't' implicitly has an 'any' type.
components/exhibition/ExhibitionSubmissionForm.tsx(45,5): error TS2353: Object literal may only specify known properties, and 'required_error' does not exist in type '{ error?: string | $ZodErrorMap<$ZodIssueInvalidType<unknown>> | undefined; message?: string | undefined; }'.
components/exhibition/ExhibitionSubmissionForm.tsx(48,5): error TS2353: Object literal may only specify known properties, and 'required_error' does not exist in type '{ error?: string | $ZodErrorMap<$ZodIssueInvalidType<unknown>> | undefined; message?: string | undefined; }'.
components/exhibition/ExhibitionSubmissionForm.tsx(106,13): error TS2345: Argument of type '{ title: string; description: string; }' is not assignable to parameter of type 'Toast'.
  Property 'id' is missing in type '{ title: string; description: string; }' but required in type '{ id: string; action?: ToastActionElement | undefined; }'.
components/exhibition/ExhibitionSubmissionForm.tsx(113,13): error TS2345: Argument of type '{ title: string; description: string; variant: "destructive"; }' is not assignable to parameter of type 'Toast'.
  Property 'id' is missing in type '{ title: string; description: string; variant: "destructive"; }' but required in type '{ id: string; action?: ToastActionElement | undefined; }'.
components/exhibition/ExhibitionSubmissionForm.tsx(295,34): error TS2345: Argument of type 'Date | undefined' is not assignable to parameter of type 'string | number | Date'.
  Type 'undefined' is not assignable to type 'string | number | Date'.
components/exhibition/ReflectionsList.tsx(276,51): error TS2339: Property 'profiles' does not exist on type 'Reflection'.
components/exhibition/ReflectionsList.tsx(282,43): error TS2339: Property 'profiles' does not exist on type 'Reflection'.
components/follow/FollowButton.tsx(31,17): error TS2339: Property 'isAuthenticated' does not exist on type 'AuthContextType'.
components/follow/FollowList.tsx(65,53): error TS2339: Property 'limit' does not exist on type 'FollowListResponse'.
components/follow/FollowList.tsx(111,64): error TS2339: Property 'nickname' does not exist on type 'FollowUser'.
components/follow/FollowList.tsx(113,25): error TS2339: Property 'animalType' does not exist on type 'FollowUser'.
components/follow/FollowList.tsx(113,57): error TS2339: Property 'animalType' does not exist on type 'FollowUser'.
components/follow/FollowList.tsx(113,77): error TS2339: Property 'nickname' does not exist on type 'FollowUser'.
components/follow/FollowList.tsx(119,55): error TS2339: Property 'nickname' does not exist on type 'FollowUser'.
components/follow/FollowList.tsx(120,25): error TS2339: Property 'animalType' does not exist on type 'FollowUser'.
components/follow/FollowList.tsx(122,42): error TS2339: Property 'animalType' does not exist on type 'FollowUser'.
components/follow/FollowList.tsx(128,58): error TS2551: Property 'followingCount' does not exist on type 'FollowUser'. Did you mean 'followerCount'?
components/forms/OptimizedUserSettingsForm.tsx(123,24): error TS2698: Spread types may only be created from object types.
components/gallery/ModernGalleryGrid.tsx(232,15): error TS2322: Type '{ hidden: { opacity: number; y: number; }; visible: { opacity: number; y: number; transition: { duration: number; ease: string; }; }; }' is not assignable to type 'Variants'.
  Property 'visible' is incompatible with index signature.
    Type '{ opacity: number; y: number; transition: { duration: number; ease: string; }; }' is not assignable to type 'Variant'.
      Type '{ opacity: number; y: number; transition: { duration: number; ease: string; }; }' is not assignable to type 'TargetAndTransition'.
        Type '{ opacity: number; y: number; transition: { duration: number; ease: string; }; }' is not assignable to type '{ transition?: Transition<any> | undefined; transitionEnd?: ResolvedValues | undefined; }'.
          Types of property 'transition' are incompatible.
            Type '{ duration: number; ease: string; }' is not assignable to type 'Transition<any> | undefined'.
              Type '{ duration: number; ease: string; }' is not assignable to type 'TransitionWithValueOverrides<any>'.
                Type '{ duration: number; ease: string; }' is not assignable to type 'ValueAnimationTransition<any>'.
                  Types of property 'ease' are incompatible.
                    Type 'string' is not assignable to type 'Easing | Easing[] | undefined'.
components/gamification/GamificationDashboard.tsx(10,32): error TS2724: '"@/lib/gamification-api"' has no exported member named 'DashboardStats'. Did you mean 'getDashboardStats'?
components/gamification/GamificationDashboard.tsx(10,53): error TS2459: Module '"@/lib/gamification-api"' declares 'Achievement' locally, but it is not exported.
components/gamification/GamificationDashboard.tsx(10,71): error TS2459: Module '"@/lib/gamification-api"' declares 'Challenge' locally, but it is not exported.
components/gamification/GamificationDashboard.tsx(10,87): error TS2459: Module '"@/lib/gamification-api"' declares 'FriendActivity' locally, but it is not exported.
components/gamification/GamificationDashboard.tsx(323,42): error TS7006: Parameter 'achievement' implicitly has an 'any' type.
components/home/FeaturedArtists.tsx(10,10): error TS2305: Module '"../../../shared"' has no exported member 'PublicDomainArtist'.
components/home/FeaturedArtists.tsx(10,30): error TS2305: Module '"../../../shared"' has no exported member 'LicensedArtist'.
components/home/FeaturedArtists.tsx(10,46): error TS2305: Module '"../../../shared"' has no exported member 'ContemporaryArtist'.
components/home/FeaturedArtists.tsx(10,66): error TS2305: Module '"../../../shared"' has no exported member 'VerifiedArtist'.
components/home/FeaturedArtists.tsx(33,9): error TS2353: Object literal may only specify known properties, and 'params' does not exist in type 'RequestInit'.
components/insights/BehavioralInsightsDashboard.tsx(255,10): error TS7053: Element implicitly has an 'any' type because expression of type 'string' can't be used to index type '{ viewing_pattern: Element; emotional_pattern: Element; growth_pattern: Element; social_pattern: Element; style_pattern: Element; }'.
  No index signature with a parameter of type 'string' was found on type '{ viewing_pattern: Element; emotional_pattern: Element; growth_pattern: Element; social_pattern: Element; style_pattern: Element; }'.
components/insights/EmotionalJourneyMap.tsx(70,14): error TS7053: Element implicitly has an 'any' type because expression of type 'any' can't be used to index type '{ joy: string; awe: string; peace: string; curiosity: string; melancholy: string; contemplation: string; }'.
components/insights/EmotionalJourneyMap.tsx(116,44): error TS7006: Parameter 'entry' implicitly has an 'any' type.
components/insights/EmotionalJourneyMap.tsx(116,51): error TS7006: Parameter 'index' implicitly has an 'any' type.
components/insights/EmotionalJourneyMap.tsx(130,40): error TS7006: Parameter 'emotion' implicitly has an 'any' type.
components/insights/EmotionalJourneyMap.tsx(175,36): error TS7006: Parameter 'transition' implicitly has an 'any' type.
components/insights/EmotionalJourneyMap.tsx(175,48): error TS7006: Parameter 'index' implicitly has an 'any' type.
components/insights/EmotionalJourneyMap.tsx(216,27): error TS7053: Element implicitly has an 'any' type because expression of type 'string' can't be used to index type '{ joy: string; awe: string; peace: string; curiosity: string; melancholy: string; contemplation: string; }'.
  No index signature with a parameter of type 'string' was found on type '{ joy: string; awe: string; peace: string; curiosity: string; melancholy: string; contemplation: string; }'.
components/insights/GrowthTracker.tsx(89,12): error TS7053: Element implicitly has an 'any' type because expression of type 'string' can't be used to index type '{ rapidly_expanding: { title: string; description: string; tip: string; }; steadily_exploring: { title: string; description: string; tip: string; }; socially_active: { title: string; description: string; tip: string; }; focused_appreciation: { ...; }; }'.
  No index signature with a parameter of type 'string' was found on type '{ rapidly_expanding: { title: string; description: string; tip: string; }; steadily_exploring: { title: string; description: string; tip: string; }; socially_active: { title: string; description: string; tip: string; }; focused_appreciation: { ...; }; }'.
components/insights/GrowthTracker.tsx(235,24): error TS7006: Parameter 'd' implicitly has an 'any' type.
components/insights/PersonalityEvolution.tsx(23,12): error TS7053: Element implicitly has an 'any' type because expression of type 'string' can't be used to index type '{ VISIONARY: string; EXPLORER: string; CURATOR: string; SOCIAL: string; }'.
  No index signature with a parameter of type 'string' was found on type '{ VISIONARY: string; EXPLORER: string; CURATOR: string; SOCIAL: string; }'.
components/insights/PersonalityEvolution.tsx(34,12): error TS7053: Element implicitly has an 'any' type because expression of type 'string' can't be used to index type '{ VISIONARY: string; EXPLORER: string; CURATOR: string; SOCIAL: string; }'.
  No index signature with a parameter of type 'string' was found on type '{ VISIONARY: string; EXPLORER: string; CURATOR: string; SOCIAL: string; }'.
components/insights/PersonalityEvolution.tsx(142,10): error TS7053: Element implicitly has an 'any' type because expression of type 'string' can't be used to index type '{ VISIONARY_EXPLORER: string; VISIONARY_CURATOR: string; VISIONARY_SOCIAL: string; EXPLORER_CURATOR: string; EXPLORER_SOCIAL: string; CURATOR_SOCIAL: string; EXPLORER_VISIONARY: string; ... 4 more ...; SOCIAL_CURATOR: string; }'.
  No index signature with a parameter of type 'string' was found on type '{ VISIONARY_EXPLORER: string; VISIONARY_CURATOR: string; VISIONARY_SOCIAL: string; EXPLORER_CURATOR: string; EXPLORER_SOCIAL: string; CURATOR_SOCIAL: string; EXPLORER_VISIONARY: string; ... 4 more ...; SOCIAL_CURATOR: string; }'.
components/matching/APTCompatibilityVisualization.tsx(130,11): error TS7034: Variable 'shared' implicitly has type 'any[]' in some locations where its type cannot be determined.
components/matching/APTCompatibilityVisualization.tsx(139,12): error TS7005: Variable 'shared' implicitly has an 'any[]' type.
components/MuseumSimulation.tsx(119,41): error TS18048: 'stage.backgroundImage' is possibly 'undefined'.
components/navigation/GlobalNav.tsx(51,7): error TS2353: Object literal may only specify known properties, and 'adminOnly' does not exist in type '{ href: string; icon: ForwardRefExoticComponent<Omit<LucideProps, "ref"> & RefAttributes<SVGSVGElement>>; label: { ...; }; requireAuth: boolean; }'.
components/optimized/OptimizedArtPulse.tsx(55,41): error TS2769: No overload matches this call.
  Overload 1 of 2, '(action: (state: { error: null; success: boolean; emotion: EmotionType; } | { success: boolean; error: string; }) => { error: null; success: boolean; emotion: EmotionType; } | { ...; } | Promise<...>, initialState: { ...; } | { ...; }, permalink?: string | undefined): [state: ...]', gave the following error.
    Argument of type '(prevState: any, emotion: EmotionType) => Promise<{ error: null; success: boolean; emotion: EmotionType; } | { success: boolean; error: string; }>' is not assignable to parameter of type '(state: { error: null; success: boolean; emotion: EmotionType; } | { success: boolean; error: string; }) => { error: null; success: boolean; emotion: EmotionType; } | { ...; } | Promise<...>'.
      Target signature provides too few arguments. Expected 2 or more, but got 1.
  Overload 2 of 2, '(action: (state: { error: null; success: boolean; emotion: EmotionType; } | { success: boolean; error: string; }, payload: EmotionType) => { error: null; success: boolean; emotion: EmotionType; } | { ...; } | Promise<...>, initialState: { ...; } | { ...; }, permalink?: string | undefined): [state: ...]', gave the following error.
    Argument of type '{ success: false; error: null; }' is not assignable to parameter of type '{ error: null; success: boolean; emotion: EmotionType; } | { success: boolean; error: string; }'.
      Property 'emotion' is missing in type '{ success: false; error: null; }' but required in type '{ error: null; success: boolean; emotion: EmotionType; }'.
components/optimized/OptimizedArtPulse.tsx(97,84): error TS2322: Type '"inspiration"' is not assignable to type 'EmotionType'.
components/optimized/OptimizedArtPulse.tsx(111,51): error TS2551: Property 'participantCount' does not exist on type 'ArtPulseSession'. Did you mean 'participants'?
components/optimized/OptimizedArtPulse.tsx(136,72): error TS2554: Expected 1 arguments, but got 2.
components/optimized/OptimizedDailyChallenge.tsx(9,15): error TS2305: Module '"../../../shared"' has no exported member 'DailyChallenge'.
components/perception-exchange/ExchangeChat.tsx(16,10): error TS2305: Module '"../../../shared"' has no exported member 'PHASE_INFO'.
components/perception-exchange/ExchangeChat.tsx(17,15): error TS2305: Module '"../../../shared"' has no exported member 'PerceptionExchangeSession'.
components/perception-exchange/ExchangeChat.tsx(17,42): error TS2305: Module '"../../../shared"' has no exported member 'PerceptionMessage'.
components/perception-exchange/ExchangeChat.tsx(52,32): error TS7006: Parameter 'msg' implicitly has an 'any' type.
components/perception-exchange/ExchangeChat.tsx(60,13): error TS2345: Argument of type '{ title: string; variant: string; }' is not assignable to parameter of type 'string'.
components/perception-exchange/ExchangeChat.tsx(95,13): error TS2345: Argument of type '{ title: string; variant: string; }' is not assignable to parameter of type 'string'.
components/perception-exchange/ExchangeChat.tsx(109,7): error TS7006: Parameter 'msg' implicitly has an 'any' type.
components/perception-exchange/ExchangeChat.tsx(112,56): error TS7006: Parameter 'msg' implicitly has an 'any' type.
components/perception-exchange/ExchangeChat.tsx(117,15): error TS2345: Argument of type '{ title: string; description: any; action: React.JSX.Element; }' is not assignable to parameter of type 'string'.
components/perception-exchange/ExchangeChat.tsx(137,15): error TS2345: Argument of type '{ title: string; description: string; }' is not assignable to parameter of type 'string'.
components/perception-exchange/ExchangeChat.tsx(156,43): error TS7006: Parameter 'msg' implicitly has an 'any' type.
components/perception-exchange/ExchangeChat.tsx(235,35): error TS7006: Parameter 'message' implicitly has an 'any' type.
components/perception-exchange/ExchangeChat.tsx(327,42): error TS7006: Parameter 'tag' implicitly has an 'any' type.
components/perception-exchange/ExchangeInviteModal.tsx(21,10): error TS2305: Module '"../../../shared"' has no exported member 'PHASE_INFO'.
components/perception-exchange/ExchangeInviteModal.tsx(57,13): error TS2345: Argument of type '{ title: string; description: string; variant: string; }' is not assignable to parameter of type 'string'.
components/perception-exchange/ExchangeInviteModal.tsx(75,13): error TS2345: Argument of type '{ title: string; description: string; }' is not assignable to parameter of type 'string'.
components/perception-exchange/ExchangeInviteModal.tsx(84,13): error TS2345: Argument of type '{ title: string; description: string; variant: string; }' is not assignable to parameter of type 'string'.
components/perception-exchange/StartExchangeModal.tsx(41,40): error TS2339: Property 'searchArtworks' does not exist on type '{ metMuseum: { name: string; baseUrl: string; commercialUse: boolean; documentation: string; features: string[]; getArtwork: (objectID: number) => Promise<any>; search: (query: string) => Promise<...>; }; artInstituteChicago: { ...; }; rijksmuseum: { ...; }; clevelandMuseum: { ...; }; harvardMuseums: { ...; }; }'.
components/PersonalityTypeGrid.tsx(145,18): error TS1345: An expression of type 'void' cannot be tested for truthiness.
components/privacy/ProgressiveRevealProfile.tsx(78,28): error TS2339: Property 'getAnimalInfo' does not exist on type 'ThemeContextType'.
components/profile/AIArtIdentitySection.tsx(30,44): error TS2551: Property 'getUserProfiles' does not exist on type 'ArtProfileAPI'. Did you mean 'getUserArtProfiles'?
components/profile/GalleryProfile.tsx(55,26): error TS2353: Object literal may only specify known properties, and 'shadow' does not exist in type 'string[] | TargetAndTransition'.
components/profile/GalleryProfile.tsx(265,40): error TS2353: Object literal may only specify known properties, and 'shadow' does not exist in type 'string[] | TargetAndTransition'.
components/profile/ModernProfile.tsx(46,17): error TS2339: Property 'logout' does not exist on type 'AuthContextType'.
components/profile/ModernProfile.tsx(125,26): error TS2339: Property 'profileImage' does not exist on type 'AuthUser'.
components/profile/ModernProfile.tsx(127,33): error TS2339: Property 'profileImage' does not exist on type 'AuthUser'.
components/profile/ModernProfile.tsx(128,33): error TS2339: Property 'name' does not exist on type 'AuthUser'.
components/profile/ModernProfile.tsx(156,32): error TS2339: Property 'name' does not exist on type 'AuthUser'.
components/profile/ModernProfile.tsx(159,33): error TS2339: Property 'username' does not exist on type 'AuthUser'.
components/profile/ModernProfile.tsx(192,26): error TS2339: Property 'bio' does not exist on type 'AuthUser'.
components/profile/ModernProfile.tsx(194,29): error TS2339: Property 'bio' does not exist on type 'AuthUser'.
components/profile/ProfileIDCard.tsx(176,61): error TS2339: Property 'emoji' does not exist on type 'never'.
components/profile/ProfileSettingsModal.tsx(29,11): error TS2339: Property 'logout' does not exist on type 'AuthContextType'.
components/profile/ProfileStats.tsx(71,9): error TS2322: Type 'string | null' is not assignable to type 'null'.
  Type 'string' is not assignable to type 'null'.
components/profile/RelationshipPreferences.tsx(140,13): error TS2345: Argument of type '{ title: string; description: string; }' is not assignable to parameter of type 'string'.
components/profile/RelationshipPreferences.tsx(146,13): error TS2345: Argument of type '{ title: string; description: string; variant: string; }' is not assignable to parameter of type 'string'.
components/quiz/EnhancedQuizComponent.tsx(266,9): error TS2322: Type '({ id: number; phase: string; type: string; title: string; description: string; scene: { background: string; ambiance: string; }; options: ({ id: string; text: string; icon: Element; weight: { ...; }; feedback: string; visual: string; } | { ...; })[]; ... 7 more ...; responses?: undefined; } | ... 8 more ... | { ......' is not assignable to type 'QuizQuestion[]'.
  Type '{ id: number; phase: string; type: string; title: string; description: string; scene: { background: string; ambiance: string; }; options: ({ id: string; text: string; icon: Element; weight: { ...; }; feedback: string; visual: string; } | { ...; })[]; ... 7 more ...; responses?: undefined; } | ... 8 more ... | { ...; }' is not assignable to type 'QuizQuestion'.
    Type '{ id: number; phase: string; type: string; title: string; description: string; scene: { background: string; ambiance: string; }; options: ({ id: string; text: string; icon: React.JSX.Element; weight: { ...; }; feedback: string; visual: string; } | { ...; })[]; ... 7 more ...; responses?: undefined; }' is not assignable to type 'QuizQuestion'.
      Types of property 'options' are incompatible.
        Type '({ id: string; text: string; icon: Element; weight: { A: number; F: number; R?: undefined; C?: undefined; }; feedback: string; visual: string; } | { id: string; text: string; icon: Element; weight: { ...; }; feedback: string; visual: string; })[]' is not assignable to type 'QuizOption[]'.
          Type '{ id: string; text: string; icon: Element; weight: { A: number; F: number; R?: undefined; C?: undefined; }; feedback: string; visual: string; } | { id: string; text: string; icon: Element; weight: { ...; }; feedback: string; visual: string; }' is not assignable to type 'QuizOption'.
            Type '{ id: string; text: string; icon: React.JSX.Element; weight: { A: number; F: number; R?: undefined; C?: undefined; }; feedback: string; visual: string; }' is not assignable to type 'QuizOption'.
              Types of property 'weight' are incompatible.
                Type '{ A: number; F: number; R?: undefined; C?: undefined; }' is not assignable to type 'Record<string, number>'.
                  Property 'R' is incompatible with index signature.
                    Type 'undefined' is not assignable to type 'number'.
components/quiz/ModernQuizComponentOptimized.tsx(320,20): error TS2322: Type '(error: any, retry: any) => Element' is not assignable to type 'ReactNode'.
components/quiz/ModernQuizComponentOptimized.tsx(320,22): error TS7006: Parameter 'error' implicitly has an 'any' type.
components/quiz/ModernQuizComponentOptimized.tsx(320,29): error TS7006: Parameter 'retry' implicitly has an 'any' type.
components/results/ArtworkRecommendations.tsx(52,17): error TS2339: Property 'length' does not exist on type 'never[] | NoInfer<TQueryFnData>'.
  Property 'length' does not exist on type 'NoInfer<TQueryFnData>'.
components/results/ArtworkRecommendations.tsx(96,21): error TS2339: Property 'map' does not exist on type 'never[] | NoInfer<TQueryFnData>'.
  Property 'map' does not exist on type 'NoInfer<TQueryFnData>'.
components/results/ArtworkRecommendations.tsx(96,26): error TS7006: Parameter 'artwork' implicitly has an 'any' type.
components/results/ArtworkRecommendations.tsx(96,35): error TS7006: Parameter 'index' implicitly has an 'any' type.
components/settings/EmailSettings.tsx(56,13): error TS2345: Argument of type '{ title: string; description: string; }' is not assignable to parameter of type 'string'.
components/settings/EmailSettings.tsx(62,13): error TS2345: Argument of type '{ title: string; description: string; variant: string; }' is not assignable to parameter of type 'string'.
components/settings/EmailSettings.tsx(76,13): error TS2345: Argument of type '{ title: string; description: string; }' is not assignable to parameter of type 'string'.
components/settings/EmailSettings.tsx(82,13): error TS2345: Argument of type '{ title: string; description: string; variant: string; }' is not assignable to parameter of type 'string'.
components/share/ShareModal.tsx(307,18): error TS2774: This condition will always return true since this function is always defined. Did you mean to call it instead?
components/social/ShareButton.tsx(217,22): error TS2774: This condition will always return true since this function is always defined. Did you mean to call it instead?
components/social/ShareButton.tsx(232,22): error TS2774: This condition will always return true since this function is always defined. Did you mean to call it instead?
components/social/ShareButton.tsx(243,22): error TS2774: This condition will always return true since this function is always defined. Did you mean to call it instead?
components/spatial/AICuratorAvatar.tsx(39,35): error TS2339: Property 'color' does not exist on type 'PersonalityAnimal'.
components/spatial/AICuratorAvatar.tsx(112,7): error TS2339: Property 'group' does not exist on type 'JSX.IntrinsicElements'.
components/spatial/AICuratorAvatar.tsx(114,9): error TS2339: Property 'mesh' does not exist on type 'JSX.IntrinsicElements'.
components/spatial/AICuratorAvatar.tsx(121,11): error TS2339: Property 'sphereGeometry' does not exist on type 'JSX.IntrinsicElements'.
components/spatial/AICuratorAvatar.tsx(131,9): error TS2339: Property 'mesh' does not exist on type 'JSX.IntrinsicElements'.
components/spatial/AICuratorAvatar.tsx(145,11): error TS2339: Property 'group' does not exist on type 'JSX.IntrinsicElements'.
components/spatial/AICuratorAvatar.tsx(147,15): error TS2339: Property 'mesh' does not exist on type 'JSX.IntrinsicElements'.
components/spatial/AICuratorAvatar.tsx(151,17): error TS2339: Property 'sphereGeometry' does not exist on type 'JSX.IntrinsicElements'.
components/spatial/AICuratorAvatar.tsx(152,17): error TS2339: Property 'meshBasicMaterial' does not exist on type 'JSX.IntrinsicElements'.
components/spatial/AICuratorAvatar.tsx(153,15): error TS2339: Property 'mesh' does not exist on type 'JSX.IntrinsicElements'.
components/spatial/AICuratorAvatar.tsx(155,11): error TS2339: Property 'group' does not exist on type 'JSX.IntrinsicElements'.
components/spatial/AICuratorAvatar.tsx(167,46): error TS2339: Property 'nameKo' does not exist on type 'PersonalityAnimal'.
components/spatial/AICuratorAvatar.tsx(168,15): error TS2339: Property 'meshStandardMaterial' does not exist on type 'JSX.IntrinsicElements'.
components/spatial/AICuratorAvatar.tsx(192,11): error TS2339: Property 'mesh' does not exist on type 'JSX.IntrinsicElements'.
components/spatial/AICuratorAvatar.tsx(193,13): error TS2339: Property 'sphereGeometry' does not exist on type 'JSX.IntrinsicElements'.
components/spatial/AICuratorAvatar.tsx(194,13): error TS2339: Property 'meshBasicMaterial' does not exist on type 'JSX.IntrinsicElements'.
components/spatial/AICuratorAvatar.tsx(200,11): error TS2339: Property 'mesh' does not exist on type 'JSX.IntrinsicElements'.
components/spatial/AICuratorAvatar.tsx(202,7): error TS2339: Property 'group' does not exist on type 'JSX.IntrinsicElements'.
components/spatial/AICuratorAvatar.tsx(230,9): error TS2345: Argument of type 'ChatMessage[]' is not assignable to parameter of type 'string'.
components/spatial/AICuratorAvatar.tsx(239,27): error TS2339: Property 'content' does not exist on type 'ChatbotResponse'.
components/spatial/AICuratorAvatar.tsx(249,5): error TS2339: Property 'group' does not exist on type 'JSX.IntrinsicElements'.
components/spatial/AICuratorAvatar.tsx(252,9): error TS2339: Property 'meshPhysicalMaterial' does not exist on type 'JSX.IntrinsicElements'.
components/spatial/AICuratorAvatar.tsx(321,5): error TS2339: Property 'group' does not exist on type 'JSX.IntrinsicElements'.
components/spatial/InteractiveDimensions.tsx(14,3): error TS2724: '"@react-three/drei"' has no exported member named 'softShadows'. Did you mean 'SoftShadows'?
components/spatial/InteractiveDimensions.tsx(57,5): error TS2339: Property 'group' does not exist on type 'JSX.IntrinsicElements'.
components/spatial/InteractiveDimensions.tsx(78,9): error TS2339: Property 'group' does not exist on type 'JSX.IntrinsicElements'.
components/spatial/InteractiveDimensions.tsx(80,13): error TS2339: Property 'meshPhysicalMaterial' does not exist on type 'JSX.IntrinsicElements'.
components/spatial/InteractiveDimensions.tsx(110,9): error TS2339: Property 'group' does not exist on type 'JSX.IntrinsicElements'.
components/spatial/InteractiveDimensions.tsx(125,15): error TS2339: Property 'meshPhysicalMaterial' does not exist on type 'JSX.IntrinsicElements'.
components/spatial/InteractiveDimensions.tsx(139,7): error TS2339: Property 'mesh' does not exist on type 'JSX.IntrinsicElements'.
components/spatial/InteractiveDimensions.tsx(140,9): error TS2339: Property 'planeGeometry' does not exist on type 'JSX.IntrinsicElements'.
components/spatial/InteractiveDimensions.tsx(141,10): error TS2741: Property 'mirror' is missing in type '{ blur: [number, number]; resolution: number; mixBlur: number; mixStrength: number; roughness: number; depthScale: number; minDepthThreshold: number; maxDepthThreshold: number; color: string; metalness: number; }' but required in type 'Omit<Props, "ref">'.
components/spatial/InteractiveDimensions.tsx(153,7): error TS2339: Property 'mesh' does not exist on type 'JSX.IntrinsicElements'.
components/spatial/InteractiveDimensions.tsx(166,5): error TS2339: Property 'group' does not exist on type 'JSX.IntrinsicElements'.
components/spatial/InteractiveDimensions.tsx(185,5): error TS2339: Property 'group' does not exist on type 'JSX.IntrinsicElements'.
components/spatial/InteractiveDimensions.tsx(187,7): error TS2339: Property 'ambientLight' does not exist on type 'JSX.IntrinsicElements'.
components/spatial/InteractiveDimensions.tsx(188,7): error TS2339: Property 'directionalLight' does not exist on type 'JSX.IntrinsicElements'.
components/spatial/InteractiveDimensions.tsx(189,7): error TS2339: Property 'pointLight' does not exist on type 'JSX.IntrinsicElements'.
components/spatial/InteractiveDimensions.tsx(192,7): error TS2339: Property 'group' does not exist on type 'JSX.IntrinsicElements'.
components/spatial/InteractiveDimensions.tsx(198,11): error TS2339: Property 'meshStandardMaterial' does not exist on type 'JSX.IntrinsicElements'.
components/spatial/InteractiveDimensions.tsx(203,11): error TS2339: Property 'mesh' does not exist on type 'JSX.IntrinsicElements'.
components/spatial/InteractiveDimensions.tsx(208,13): error TS2339: Property 'sphereGeometry' does not exist on type 'JSX.IntrinsicElements'.
components/spatial/InteractiveDimensions.tsx(209,13): error TS2339: Property 'meshStandardMaterial' does not exist on type 'JSX.IntrinsicElements'.
components/spatial/InteractiveDimensions.tsx(214,11): error TS2339: Property 'mesh' does not exist on type 'JSX.IntrinsicElements'.
components/spatial/InteractiveDimensions.tsx(216,7): error TS2339: Property 'group' does not exist on type 'JSX.IntrinsicElements'.
components/spatial/InteractiveDimensions.tsx(220,9): error TS2339: Property 'group' does not exist on type 'JSX.IntrinsicElements'.
components/spatial/InteractiveDimensions.tsx(228,17): error TS2339: Property 'meshStandardMaterial' does not exist on type 'JSX.IntrinsicElements'.
components/spatial/InteractiveDimensions.tsx(236,9): error TS2339: Property 'group' does not exist on type 'JSX.IntrinsicElements'.
components/spatial/InteractiveDimensions.tsx(240,7): error TS2339: Property 'group' does not exist on type 'JSX.IntrinsicElements'.
components/spatial/InteractiveDimensions.tsx(242,11): error TS2339: Property 'meshStandardMaterial' does not exist on type 'JSX.IntrinsicElements'.
components/spatial/InteractiveDimensions.tsx(245,11): error TS2339: Property 'meshStandardMaterial' does not exist on type 'JSX.IntrinsicElements'.
components/spatial/InteractiveDimensions.tsx(248,11): error TS2339: Property 'meshStandardMaterial' does not exist on type 'JSX.IntrinsicElements'.
components/spatial/InteractiveDimensions.tsx(250,7): error TS2339: Property 'group' does not exist on type 'JSX.IntrinsicElements'.
components/spatial/InteractiveDimensions.tsx(253,7): error TS2339: Property 'mesh' does not exist on type 'JSX.IntrinsicElements'.
components/spatial/InteractiveDimensions.tsx(254,9): error TS2339: Property 'planeGeometry' does not exist on type 'JSX.IntrinsicElements'.
components/spatial/InteractiveDimensions.tsx(255,9): error TS2339: Property 'meshStandardMaterial' does not exist on type 'JSX.IntrinsicElements'.
components/spatial/InteractiveDimensions.tsx(260,7): error TS2339: Property 'mesh' does not exist on type 'JSX.IntrinsicElements'.
components/spatial/InteractiveDimensions.tsx(264,5): error TS2339: Property 'group' does not exist on type 'JSX.IntrinsicElements'.
components/spatial/InteractiveDimensions.tsx(280,5): error TS2339: Property 'group' does not exist on type 'JSX.IntrinsicElements'.
components/spatial/InteractiveDimensions.tsx(282,7): error TS2339: Property 'ambientLight' does not exist on type 'JSX.IntrinsicElements'.
components/spatial/InteractiveDimensions.tsx(284,9): error TS2339: Property 'spotLight' does not exist on type 'JSX.IntrinsicElements'.
components/spatial/InteractiveDimensions.tsx(298,11): error TS2339: Property 'group' does not exist on type 'JSX.IntrinsicElements'.
components/spatial/InteractiveDimensions.tsx(301,15): error TS2339: Property 'meshStandardMaterial' does not exist on type 'JSX.IntrinsicElements'.
components/spatial/InteractiveDimensions.tsx(306,15): error TS2339: Property 'meshStandardMaterial' does not exist on type 'JSX.IntrinsicElements'.
components/spatial/InteractiveDimensions.tsx(319,11): error TS2339: Property 'group' does not exist on type 'JSX.IntrinsicElements'.
components/spatial/InteractiveDimensions.tsx(324,7): error TS2339: Property 'mesh' does not exist on type 'JSX.IntrinsicElements'.
components/spatial/InteractiveDimensions.tsx(325,9): error TS2339: Property 'planeGeometry' does not exist on type 'JSX.IntrinsicElements'.
components/spatial/InteractiveDimensions.tsx(326,10): error TS2741: Property 'mirror' is missing in type '{ blur: [number, number]; resolution: number; mixBlur: number; mixStrength: number; roughness: number; depthScale: number; minDepthThreshold: number; maxDepthThreshold: number; color: string; metalness: number; }' but required in type 'Omit<Props, "ref">'.
components/spatial/InteractiveDimensions.tsx(338,7): error TS2339: Property 'mesh' does not exist on type 'JSX.IntrinsicElements'.
components/spatial/InteractiveDimensions.tsx(341,7): error TS2339: Property 'mesh' does not exist on type 'JSX.IntrinsicElements'.
components/spatial/InteractiveDimensions.tsx(342,9): error TS2339: Property 'planeGeometry' does not exist on type 'JSX.IntrinsicElements'.
components/spatial/InteractiveDimensions.tsx(343,9): error TS2339: Property 'meshStandardMaterial' does not exist on type 'JSX.IntrinsicElements'.
components/spatial/InteractiveDimensions.tsx(344,7): error TS2339: Property 'mesh' does not exist on type 'JSX.IntrinsicElements'.
components/spatial/InteractiveDimensions.tsx(345,7): error TS2339: Property 'mesh' does not exist on type 'JSX.IntrinsicElements'.
components/spatial/InteractiveDimensions.tsx(346,9): error TS2339: Property 'planeGeometry' does not exist on type 'JSX.IntrinsicElements'.
components/spatial/InteractiveDimensions.tsx(347,9): error TS2339: Property 'meshStandardMaterial' does not exist on type 'JSX.IntrinsicElements'.
components/spatial/InteractiveDimensions.tsx(348,7): error TS2339: Property 'mesh' does not exist on type 'JSX.IntrinsicElements'.
components/spatial/InteractiveDimensions.tsx(349,7): error TS2339: Property 'mesh' does not exist on type 'JSX.IntrinsicElements'.
components/spatial/InteractiveDimensions.tsx(350,9): error TS2339: Property 'planeGeometry' does not exist on type 'JSX.IntrinsicElements'.
components/spatial/InteractiveDimensions.tsx(351,9): error TS2339: Property 'meshStandardMaterial' does not exist on type 'JSX.IntrinsicElements'.
components/spatial/InteractiveDimensions.tsx(352,7): error TS2339: Property 'mesh' does not exist on type 'JSX.IntrinsicElements'.
components/spatial/InteractiveDimensions.tsx(353,7): error TS2339: Property 'mesh' does not exist on type 'JSX.IntrinsicElements'.
components/spatial/InteractiveDimensions.tsx(354,9): error TS2339: Property 'planeGeometry' does not exist on type 'JSX.IntrinsicElements'.
components/spatial/InteractiveDimensions.tsx(355,9): error TS2339: Property 'meshStandardMaterial' does not exist on type 'JSX.IntrinsicElements'.
components/spatial/InteractiveDimensions.tsx(356,7): error TS2339: Property 'mesh' does not exist on type 'JSX.IntrinsicElements'.
components/spatial/InteractiveDimensions.tsx(359,7): error TS2339: Property 'mesh' does not exist on type 'JSX.IntrinsicElements'.
components/spatial/InteractiveDimensions.tsx(360,9): error TS2339: Property 'planeGeometry' does not exist on type 'JSX.IntrinsicElements'.
components/spatial/InteractiveDimensions.tsx(361,9): error TS2339: Property 'meshStandardMaterial' does not exist on type 'JSX.IntrinsicElements'.
components/spatial/InteractiveDimensions.tsx(362,7): error TS2339: Property 'mesh' does not exist on type 'JSX.IntrinsicElements'.
components/spatial/InteractiveDimensions.tsx(363,5): error TS2339: Property 'group' does not exist on type 'JSX.IntrinsicElements'.
components/spatial/InteractiveDimensions.tsx(377,5): error TS2339: Property 'group' does not exist on type 'JSX.IntrinsicElements'.
components/spatial/InteractiveDimensions.tsx(379,7): error TS2339: Property 'ambientLight' does not exist on type 'JSX.IntrinsicElements'.
components/spatial/InteractiveDimensions.tsx(380,7): error TS2339: Property 'pointLight' does not exist on type 'JSX.IntrinsicElements'.
components/spatial/InteractiveDimensions.tsx(383,7): error TS2339: Property 'group' does not exist on type 'JSX.IntrinsicElements'.
components/spatial/InteractiveDimensions.tsx(385,9): error TS2339: Property 'mesh' does not exist on type 'JSX.IntrinsicElements'.
components/spatial/InteractiveDimensions.tsx(386,11): error TS2339: Property 'cylinderGeometry' does not exist on type 'JSX.IntrinsicElements'.
components/spatial/InteractiveDimensions.tsx(387,11): error TS2339: Property 'meshStandardMaterial' does not exist on type 'JSX.IntrinsicElements'.
components/spatial/InteractiveDimensions.tsx(388,9): error TS2339: Property 'mesh' does not exist on type 'JSX.IntrinsicElements'.
components/spatial/InteractiveDimensions.tsx(398,15): error TS2339: Property 'group' does not exist on type 'JSX.IntrinsicElements'.
components/spatial/InteractiveDimensions.tsx(400,19): error TS2339: Property 'meshStandardMaterial' does not exist on type 'JSX.IntrinsicElements'.
components/spatial/InteractiveDimensions.tsx(411,15): error TS2339: Property 'group' does not exist on type 'JSX.IntrinsicElements'.
components/spatial/InteractiveDimensions.tsx(415,7): error TS2339: Property 'group' does not exist on type 'JSX.IntrinsicElements'.
components/spatial/InteractiveDimensions.tsx(418,7): error TS2339: Property 'group' does not exist on type 'JSX.IntrinsicElements'.
components/spatial/InteractiveDimensions.tsx(420,11): error TS2339: Property 'meshStandardMaterial' does not exist on type 'JSX.IntrinsicElements'.
components/spatial/InteractiveDimensions.tsx(437,7): error TS2339: Property 'group' does not exist on type 'JSX.IntrinsicElements'.
components/spatial/InteractiveDimensions.tsx(440,7): error TS2339: Property 'mesh' does not exist on type 'JSX.IntrinsicElements'.
components/spatial/InteractiveDimensions.tsx(441,9): error TS2339: Property 'planeGeometry' does not exist on type 'JSX.IntrinsicElements'.
components/spatial/InteractiveDimensions.tsx(442,9): error TS2339: Property 'meshStandardMaterial' does not exist on type 'JSX.IntrinsicElements'.
components/spatial/InteractiveDimensions.tsx(447,7): error TS2339: Property 'mesh' does not exist on type 'JSX.IntrinsicElements'.
components/spatial/InteractiveDimensions.tsx(451,5): error TS2339: Property 'group' does not exist on type 'JSX.IntrinsicElements'.
components/spatial/SpatialNavigation.tsx(55,19): error TS2554: Expected 1 arguments, but got 0.
components/spatial/SpatialNavigation.tsx(65,5): error TS2339: Property 'group' does not exist on type 'JSX.IntrinsicElements'.
components/spatial/SpatialNavigation.tsx(75,11): error TS2339: Property 'ambientLight' does not exist on type 'JSX.IntrinsicElements'.
components/spatial/SpatialNavigation.tsx(78,11): error TS2339: Property 'mesh' does not exist on type 'JSX.IntrinsicElements'.
components/spatial/SpatialNavigation.tsx(79,13): error TS2339: Property 'sphereGeometry' does not exist on type 'JSX.IntrinsicElements'.
components/spatial/SpatialNavigation.tsx(80,13): error TS2339: Property 'meshStandardMaterial' does not exist on type 'JSX.IntrinsicElements'.
components/spatial/SpatialNavigation.tsx(85,11): error TS2339: Property 'mesh' does not exist on type 'JSX.IntrinsicElements'.
components/spatial/SpatialNavigation.tsx(103,5): error TS2339: Property 'group' does not exist on type 'JSX.IntrinsicElements'.
components/spatial/SpatialNavigation.tsx(117,19): error TS2554: Expected 1 arguments, but got 0.
components/spatial/SpatialNavigation.tsx(150,7): error TS2339: Property 'group' does not exist on type 'JSX.IntrinsicElements'.
components/spatial/SpatialNavigation.tsx(157,9): error TS2339: Property 'mesh' does not exist on type 'JSX.IntrinsicElements'.
components/spatial/SpatialNavigation.tsx(158,11): error TS2339: Property 'sphereGeometry' does not exist on type 'JSX.IntrinsicElements'.
components/spatial/SpatialNavigation.tsx(159,11): error TS2339: Property 'meshStandardMaterial' does not exist on type 'JSX.IntrinsicElements'.
components/spatial/SpatialNavigation.tsx(166,9): error TS2339: Property 'mesh' does not exist on type 'JSX.IntrinsicElements'.
components/spatial/SpatialNavigation.tsx(175,7): error TS2339: Property 'group' does not exist on type 'JSX.IntrinsicElements'.
components/spatial/SpatialNavigation.tsx(208,7): error TS2339: Property 'ambientLight' does not exist on type 'JSX.IntrinsicElements'.
components/spatial/SpatialNavigation.tsx(209,7): error TS2339: Property 'directionalLight' does not exist on type 'JSX.IntrinsicElements'.
components/spatial/SpatialNavigation.tsx(210,7): error TS2339: Property 'pointLight' does not exist on type 'JSX.IntrinsicElements'.
components/spatial/SpatialNavigation.tsx(226,7): error TS2339: Property 'mesh' does not exist on type 'JSX.IntrinsicElements'.
components/spatial/SpatialNavigation.tsx(227,9): error TS2339: Property 'planeGeometry' does not exist on type 'JSX.IntrinsicElements'.
components/spatial/SpatialNavigation.tsx(228,9): error TS2339: Property 'meshStandardMaterial' does not exist on type 'JSX.IntrinsicElements'.
components/spatial/SpatialNavigation.tsx(233,7): error TS2339: Property 'mesh' does not exist on type 'JSX.IntrinsicElements'.
components/spatial/SpatialNavigation.tsx(252,15): error TS2339: Property 'meshStandardMaterial' does not exist on type 'JSX.IntrinsicElements'.
components/spatial/ThreeScene.tsx(5,31): error TS2307: Cannot find module 'three/examples/jsm/controls/OrbitControls' or its corresponding type declarations.
components/spatial/ThreeScene.tsx(6,32): error TS2307: Cannot find module 'three/examples/jsm/postprocessing/EffectComposer' or its corresponding type declarations.
components/spatial/ThreeScene.tsx(7,28): error TS2307: Cannot find module 'three/examples/jsm/postprocessing/RenderPass' or its corresponding type declarations.
components/spatial/ThreeScene.tsx(8,33): error TS2307: Cannot find module 'three/examples/jsm/postprocessing/UnrealBloomPass' or its corresponding type declarations.
components/spatial/WebGPUEffects.tsx(209,18): error TS2554: Expected 1 arguments, but got 0.
components/spatial/WebGPUEffects.tsx(278,5): error TS2339: Property 'points' does not exist on type 'JSX.IntrinsicElements'.
components/spatial/WebGPUEffects.tsx(279,7): error TS2339: Property 'bufferGeometry' does not exist on type 'JSX.IntrinsicElements'.
components/spatial/WebGPUEffects.tsx(280,9): error TS2339: Property 'bufferAttribute' does not exist on type 'JSX.IntrinsicElements'.
components/spatial/WebGPUEffects.tsx(286,9): error TS2339: Property 'bufferAttribute' does not exist on type 'JSX.IntrinsicElements'.
components/spatial/WebGPUEffects.tsx(292,9): error TS2339: Property 'bufferAttribute' does not exist on type 'JSX.IntrinsicElements'.
components/spatial/WebGPUEffects.tsx(298,7): error TS2339: Property 'bufferGeometry' does not exist on type 'JSX.IntrinsicElements'.
components/spatial/WebGPUEffects.tsx(299,7): error TS2339: Property 'shaderMaterial' does not exist on type 'JSX.IntrinsicElements'.
components/spatial/WebGPUEffects.tsx(334,5): error TS2339: Property 'points' does not exist on type 'JSX.IntrinsicElements'.
components/spatial/WebGPUEffects.tsx(349,5): error TS2339: Property 'mesh' does not exist on type 'JSX.IntrinsicElements'.
components/spatial/WebGPUEffects.tsx(350,7): error TS2339: Property 'coneGeometry' does not exist on type 'JSX.IntrinsicElements'.
components/spatial/WebGPUEffects.tsx(351,7): error TS2339: Property 'shaderMaterial' does not exist on type 'JSX.IntrinsicElements'.
components/spatial/WebGPUEffects.tsx(391,5): error TS2339: Property 'mesh' does not exist on type 'JSX.IntrinsicElements'.
components/spatial/WebGPUEffects.tsx(416,5): error TS2339: Property 'mesh' does not exist on type 'JSX.IntrinsicElements'.
components/spatial/WebGPUEffects.tsx(417,7): error TS2339: Property 'planeGeometry' does not exist on type 'JSX.IntrinsicElements'.
components/spatial/WebGPUEffects.tsx(418,7): error TS2339: Property 'portalShaderMaterial' does not exist on type 'JSX.IntrinsicElements'.
components/spatial/WebGPUEffects.tsx(424,5): error TS2339: Property 'mesh' does not exist on type 'JSX.IntrinsicElements'.
components/system/SystemInitializer.tsx(40,22): error TS2339: Property 'requestAdapter' does not exist on type '{}'.
components/system/SystemInitializer.tsx(40,44): error TS7006: Parameter 'adapter' implicitly has an 'any' type.
components/ui/3d-carousel.tsx(161,17): error TS2322: Type '{ duration: number; ease: number[]; filter: string; }' is not assignable to type 'Transition<any> | undefined'.
  Type '{ duration: number; ease: number[]; filter: string; }' is not assignable to type 'TransitionWithValueOverrides<any>'.
    Type '{ duration: number; ease: number[]; filter: string; }' is not assignable to type 'ValueAnimationTransition<any>'.
      Types of property 'ease' are incompatible.
        Type 'number[]' is not assignable to type 'Easing | Easing[] | undefined'.
          Type 'number[]' is not assignable to type 'EasingFunction | Easing[]'.
            Type 'number[]' is not assignable to type 'Easing[]'.
              Type 'number' is not assignable to type 'Easing'.
components/ui/3d-carousel.tsx(210,13): error TS2322: Type '{ duration: number; ease: number[]; }' is not assignable to type 'Transition<any> | undefined'.
  Type '{ duration: number; ease: number[]; }' is not assignable to type 'TransitionWithValueOverrides<any>'.
    Type '{ duration: number; ease: number[]; }' is not assignable to type 'ValueAnimationTransition<any>'.
      Types of property 'ease' are incompatible.
        Type 'number[]' is not assignable to type 'Easing | Easing[] | undefined'.
          Type 'number[]' is not assignable to type 'EasingFunction | Easing[]'.
            Type 'number[]' is not assignable to type 'Easing[]'.
              Type 'number' is not assignable to type 'Easing'.
components/ui/about-us-section.tsx(172,65): error TS2322: Type '{ hidden: { y: number; opacity: number; }; visible: { y: number; opacity: number; transition: { duration: number; ease: string; }; }; }' is not assignable to type 'Variants'.
  Property 'visible' is incompatible with index signature.
    Type '{ y: number; opacity: number; transition: { duration: number; ease: string; }; }' is not assignable to type 'Variant'.
      Type '{ y: number; opacity: number; transition: { duration: number; ease: string; }; }' is not assignable to type 'TargetAndTransition'.
        Type '{ y: number; opacity: number; transition: { duration: number; ease: string; }; }' is not assignable to type '{ transition?: Transition<any> | undefined; transitionEnd?: ResolvedValues | undefined; }'.
          Types of property 'transition' are incompatible.
            Type '{ duration: number; ease: string; }' is not assignable to type 'Transition<any> | undefined'.
              Type '{ duration: number; ease: string; }' is not assignable to type 'TransitionWithValueOverrides<any>'.
                Type '{ duration: number; ease: string; }' is not assignable to type 'ValueAnimationTransition<any>'.
                  Types of property 'ease' are incompatible.
                    Type 'string' is not assignable to type 'Easing | Easing[] | undefined'.
components/ui/about-us-section.tsx(191,85): error TS2322: Type '{ hidden: { y: number; opacity: number; }; visible: { y: number; opacity: number; transition: { duration: number; ease: string; }; }; }' is not assignable to type 'Variants'.
  Property 'visible' is incompatible with index signature.
    Type '{ y: number; opacity: number; transition: { duration: number; ease: string; }; }' is not assignable to type 'Variant'.
      Type '{ y: number; opacity: number; transition: { duration: number; ease: string; }; }' is not assignable to type 'TargetAndTransition'.
        Type '{ y: number; opacity: number; transition: { duration: number; ease: string; }; }' is not assignable to type '{ transition?: Transition<any> | undefined; transitionEnd?: ResolvedValues | undefined; }'.
          Types of property 'transition' are incompatible.
            Type '{ duration: number; ease: string; }' is not assignable to type 'Transition<any> | undefined'.
              Type '{ duration: number; ease: string; }' is not assignable to type 'TransitionWithValueOverrides<any>'.
                Type '{ duration: number; ease: string; }' is not assignable to type 'ValueAnimationTransition<any>'.
                  Types of property 'ease' are incompatible.
                    Type 'string' is not assignable to type 'Easing | Easing[] | undefined'.
components/ui/about-us-section.tsx(218,62): error TS2322: Type '{ hidden: { y: number; opacity: number; }; visible: { y: number; opacity: number; transition: { duration: number; ease: string; }; }; }' is not assignable to type 'Variants'.
  Property 'visible' is incompatible with index signature.
    Type '{ y: number; opacity: number; transition: { duration: number; ease: string; }; }' is not assignable to type 'Variant'.
      Type '{ y: number; opacity: number; transition: { duration: number; ease: string; }; }' is not assignable to type 'TargetAndTransition'.
        Type '{ y: number; opacity: number; transition: { duration: number; ease: string; }; }' is not assignable to type '{ transition?: Transition<any> | undefined; transitionEnd?: ResolvedValues | undefined; }'.
          Types of property 'transition' are incompatible.
            Type '{ duration: number; ease: string; }' is not assignable to type 'Transition<any> | undefined'.
              Type '{ duration: number; ease: string; }' is not assignable to type 'TransitionWithValueOverrides<any>'.
                Type '{ duration: number; ease: string; }' is not assignable to type 'ValueAnimationTransition<any>'.
                  Types of property 'ease' are incompatible.
                    Type 'string' is not assignable to type 'Easing | Easing[] | undefined'.
components/ui/about-us-section.tsx(378,7): error TS2322: Type '{ hidden: { opacity: number; y?: number | undefined; }; visible: { opacity: number; y?: number | undefined; transition: { duration: number; ease: string; }; }; }' is not assignable to type 'Variants'.
  Property 'visible' is incompatible with index signature.
    Type '{ opacity: number; y?: number | undefined; transition: { duration: number; ease: string; }; }' is not assignable to type 'Variant'.
      Type '{ opacity: number; y?: number | undefined; transition: { duration: number; ease: string; }; }' is not assignable to type 'TargetAndTransition'.
        Type '{ opacity: number; y?: number | undefined; transition: { duration: number; ease: string; }; }' is not assignable to type '{ transition?: Transition<any> | undefined; transitionEnd?: ResolvedValues | undefined; }'.
          Types of property 'transition' are incompatible.
            Type '{ duration: number; ease: string; }' is not assignable to type 'Transition<any> | undefined'.
              Type '{ duration: number; ease: string; }' is not assignable to type 'TransitionWithValueOverrides<any>'.
                Type '{ duration: number; ease: string; }' is not assignable to type 'ValueAnimationTransition<any>'.
                  Types of property 'ease' are incompatible.
                    Type 'string' is not assignable to type 'Easing | Easing[] | undefined'.
components/ui/ArtworkActions.tsx(26,11): error TS2345: Argument of type '{ description: string; }' is not assignable to parameter of type 'string'.
components/ui/ArtworkActions.tsx(33,11): error TS2345: Argument of type '{ description: string; }' is not assignable to parameter of type 'string'.
components/ui/ArtworkActions.tsx(52,13): error TS2345: Argument of type '{ description: string; }' is not assignable to parameter of type 'string'.
components/ui/ArtworkActions.tsx(59,11): error TS2345: Argument of type '{ description: string; }' is not assignable to parameter of type 'string'.
components/ui/beams-background.tsx(4,24): error TS2307: Cannot find module 'motion/react' or its corresponding type declarations.
components/ui/button-demo.tsx(76,19): error TS2322: Type '"glass"' is not assignable to type '"destructive" | "secondary" | "ghost" | "primary" | "gallery" | null | undefined'.
components/ui/button-demo.tsx(81,19): error TS2322: Type '"glass"' is not assignable to type '"destructive" | "secondary" | "ghost" | "primary" | "gallery" | null | undefined'.
components/ui/button-demo.tsx(92,19): error TS2322: Type '"outline"' is not assignable to type '"destructive" | "secondary" | "ghost" | "primary" | "gallery" | null | undefined'.
components/ui/button-demo.tsx(93,19): error TS2322: Type '"link"' is not assignable to type '"destructive" | "secondary" | "ghost" | "primary" | "gallery" | null | undefined'.
components/ui/button-demo.tsx(109,19): error TS2322: Type '"glass"' is not assignable to type '"destructive" | "secondary" | "ghost" | "primary" | "gallery" | null | undefined'.
components/ui/calendar-with-event-slots.tsx(6,10): error TS2305: Module '"little-date"' has no exported member 'format'.
components/ui/calendar-with-event-slots.tsx(52,9): error TS2353: Object literal may only specify known properties, and 'IconLeft' does not exist in type 'Partial<CustomComponents>'.
components/ui/calendar-with-event-slots.tsx(62,14): error TS2686: 'React' refers to a UMD global, but the current file is a module. Consider adding an import instead.
components/ui/calendar-with-event-slots.tsx(77,20): error TS2686: 'React' refers to a UMD global, but the current file is a module. Consider adding an import instead.
components/ui/calendar-with-event-slots.tsx(89,19): error TS2686: 'React' refers to a UMD global, but the current file is a module. Consider adding an import instead.
components/ui/calendar-with-event-slots.tsx(104,25): error TS2686: 'React' refers to a UMD global, but the current file is a module. Consider adding an import instead.
components/ui/calendar-with-event-slots.tsx(116,21): error TS2686: 'React' refers to a UMD global, but the current file is a module. Consider adding an import instead.
components/ui/calendar-with-event-slots.tsx(124,20): error TS2686: 'React' refers to a UMD global, but the current file is a module. Consider adding an import instead.
components/ui/calendar.tsx(49,9): error TS2353: Object literal may only specify known properties, and 'IconLeft' does not exist in type 'Partial<CustomComponents>'.
components/ui/canvas.tsx(47,11): error TS7009: 'new' expression, whose target lacks a construct signature, implicitly has an 'any' type.
components/ui/canvas.tsx(124,18): error TS7009: 'new' expression, whose target lacks a construct signature, implicitly has an 'any' type.
components/ui/canvas.tsx(139,13): error TS2339: Property 'x' does not exist on type '{}'.
components/ui/canvas.tsx(139,43): error TS2339: Property 'y' does not exist on type '{}'.
components/ui/canvas.tsx(199,3): error TS2683: 'this' implicitly has type 'any' because it does not have a type annotation.
components/ui/canvas.tsx(200,3): error TS2683: 'this' implicitly has type 'any' because it does not have a type annotation.
components/ui/canvas.tsx(201,3): error TS2683: 'this' implicitly has type 'any' because it does not have a type annotation.
components/ui/canvas.tsx(202,3): error TS2683: 'this' implicitly has type 'any' because it does not have a type annotation.
components/ui/canvas.tsx(210,7): error TS7009: 'new' expression, whose target lacks a construct signature, implicitly has an 'any' type.
components/ui/customers-section.tsx(51,11): error TS2322: Type '{ item: { hidden: { opacity: number; filter: string; y: number; }; visible: { opacity: number; filter: string; y: number; transition: { type: string; bounce: number; duration: number; }; }; }; container: { visible: { ...; }; }; }' is not assignable to type '{ container?: Variants | undefined; item?: Variants | undefined; }'.
  Types of property 'item' are incompatible.
    Type '{ hidden: { opacity: number; filter: string; y: number; }; visible: { opacity: number; filter: string; y: number; transition: { type: string; bounce: number; duration: number; }; }; }' is not assignable to type 'Variants'.
      Property 'visible' is incompatible with index signature.
        Type '{ opacity: number; filter: string; y: number; transition: { type: string; bounce: number; duration: number; }; }' is not assignable to type 'Variant'.
          Type '{ opacity: number; filter: string; y: number; transition: { type: string; bounce: number; duration: number; }; }' is not assignable to type 'TargetAndTransition'.
            Type '{ opacity: number; filter: string; y: number; transition: { type: string; bounce: number; duration: number; }; }' is not assignable to type '{ transition?: Transition<any> | undefined; transitionEnd?: ResolvedValues | undefined; }'.
              Types of property 'transition' are incompatible.
                Type '{ type: string; bounce: number; duration: number; }' is not assignable to type 'Transition<any> | undefined'.
                  Type '{ type: string; bounce: number; duration: number; }' is not assignable to type 'TransitionWithValueOverrides<any>'.
                    Type '{ type: string; bounce: number; duration: number; }' is not assignable to type 'ValueAnimationTransition<any>'.
                      Types of property 'type' are incompatible.
                        Type 'string' is not assignable to type 'AnimationGeneratorType | undefined'.
components/ui/dock-two.tsx(72,13): error TS2322: Type '{ initial: { y: number; }; animate: { y: number[]; transition: { duration: number; repeat: number; ease: string; }; }; }' is not assignable to type 'Variants'.
  Property 'animate' is incompatible with index signature.
    Type '{ y: number[]; transition: { duration: number; repeat: number; ease: string; }; }' is not assignable to type 'Variant'.
      Type '{ y: number[]; transition: { duration: number; repeat: number; ease: string; }; }' is not assignable to type 'TargetAndTransition'.
        Type '{ y: number[]; transition: { duration: number; repeat: number; ease: string; }; }' is not assignable to type '{ transition?: Transition<any> | undefined; transitionEnd?: ResolvedValues | undefined; }'.
          Types of property 'transition' are incompatible.
            Type '{ duration: number; repeat: number; ease: string; }' is not assignable to type 'Transition<any> | undefined'.
              Type '{ duration: number; repeat: number; ease: string; }' is not assignable to type 'TransitionWithValueOverrides<any>'.
                Type '{ duration: number; repeat: number; ease: string; }' is not assignable to type 'ValueAnimationTransition<any>'.
                  Types of property 'ease' are incompatible.
                    Type 'string' is not assignable to type 'Easing | Easing[] | undefined'.
components/ui/dock.tsx(163,53): error TS2769: No overload matches this call.
  The last overload gave the following error.
    Object literal may only specify known properties, and 'width' does not exist in type 'Partial<unknown> & Attributes'.
components/ui/empty-state-demo.tsx(338,38): error TS2304: Cannot find name 'Bell'.
components/ui/etheral-shadow-demo.tsx(126,47): error TS2686: 'React' refers to a UMD global, but the current file is a module. Consider adding an import instead.
components/ui/etheral-shadow-demo.tsx(130,3): error TS2686: 'React' refers to a UMD global, but the current file is a module. Consider adding an import instead.
components/ui/etheral-shadow-demo.tsx(145,41): error TS2686: 'React' refers to a UMD global, but the current file is a module. Consider adding an import instead.
components/ui/glowing-effect.tsx(5,25): error TS2307: Cannot find module 'motion/react' or its corresponding type declarations.
components/ui/glowing-effect.tsx(91,24): error TS7006: Parameter 'value' implicitly has an 'any' type.
components/ui/link-preview-demo.tsx(8,17): error TS2323: Cannot redeclare exported variable 'LinkPreviewDemoSecond'.
components/ui/link-preview-demo.tsx(411,10): error TS2323: Cannot redeclare exported variable 'LinkPreviewDemoSecond'.
components/ui/link-preview-demo.tsx(411,10): error TS2484: Export declaration conflicts with exported declaration of 'LinkPreviewDemoSecond'.
components/ui/liquid-glass.tsx(175,14): error TS2323: Cannot redeclare exported variable 'Component'.
components/ui/liquid-glass.tsx(226,60): error TS2323: Cannot redeclare exported variable 'Component'.
components/ui/liquid-glass.tsx(226,60): error TS2484: Export declaration conflicts with exported declaration of 'Component'.
components/ui/mobile-nav.tsx(260,74): error TS2339: Property 'email' does not exist on type 'AuthUser'.
components/ui/mobile-nav.tsx(264,50): error TS2339: Property 'email' does not exist on type 'AuthUser'.
components/ui/oauth-account-manager.tsx(15,17): error TS2339: Property 'linkOAuthAccount' does not exist on type 'AuthContextType'.
components/ui/oauth-account-manager.tsx(15,35): error TS2339: Property 'unlinkOAuthAccount' does not exist on type 'AuthContextType'.
components/ui/perspective-carousel-demo.tsx(8,17): error TS2395: Individual declarations in merged declaration 'PerspectiveCarouselDemo' must be all exported or all local.
components/ui/perspective-carousel-demo.tsx(573,7): error TS2395: Individual declarations in merged declaration 'PerspectiveCarouselDemo' must be all exported or all local.
components/ui/perspective-carousel.tsx(23,20): error TS2554: Expected 1 arguments, but got 0.
components/ui/radial-orbital-timeline.tsx(197,17): error TS2322: Type '(el: HTMLDivElement | null) => HTMLDivElement | null' is not assignable to type 'Ref<HTMLDivElement> | undefined'.
  Type '(el: HTMLDivElement | null) => HTMLDivElement | null' is not assignable to type '(instance: HTMLDivElement | null) => void | (() => VoidOrUndefinedOnly)'.
    Type 'HTMLDivElement | null' is not assignable to type 'void | (() => VoidOrUndefinedOnly)'.
      Type 'null' is not assignable to type 'void | (() => VoidOrUndefinedOnly)'.
components/ui/retro-testimonial.tsx(131,41): error TS2322: Type '{ opacity: number; y: number; transition: { duration: number; delay: number; ease: "easeOut"; once: true; }; }' is not assignable to type 'boolean | TargetAndTransition | VariantLabels | LegacyAnimationControls | undefined'.
  Types of property 'transition' are incompatible.
    Object literal may only specify known properties, and 'once' does not exist in type 'Transition<any>'.
components/ui/sayu-dialog-demo.tsx(19,17): error TS2395: Individual declarations in merged declaration 'SayuDialogDemo' must be all exported or all local.
components/ui/sayu-dialog-demo.tsx(595,7): error TS2395: Individual declarations in merged declaration 'SayuDialogDemo' must be all exported or all local.
components/ui/section-with-mockup.tsx(58,25): error TS2322: Type '{ hidden: { opacity: number; y: number; }; visible: { opacity: number; y: number; transition: { duration: number; ease: string; }; }; }' is not assignable to type 'Variants'.
  Property 'visible' is incompatible with index signature.
    Type '{ opacity: number; y: number; transition: { duration: number; ease: string; }; }' is not assignable to type 'Variant'.
      Type '{ opacity: number; y: number; transition: { duration: number; ease: string; }; }' is not assignable to type 'TargetAndTransition'.
        Type '{ opacity: number; y: number; transition: { duration: number; ease: string; }; }' is not assignable to type '{ transition?: Transition<any> | undefined; transitionEnd?: ResolvedValues | undefined; }'.
          Types of property 'transition' are incompatible.
            Type '{ duration: number; ease: string; }' is not assignable to type 'Transition<any> | undefined'.
              Type '{ duration: number; ease: string; }' is not assignable to type 'TransitionWithValueOverrides<any>'.
                Type '{ duration: number; ease: string; }' is not assignable to type 'ValueAnimationTransition<any>'.
                  Types of property 'ease' are incompatible.
                    Type 'string' is not assignable to type 'Easing | Easing[] | undefined'.
components/ui/section-with-mockup.tsx(78,25): error TS2322: Type '{ hidden: { opacity: number; y: number; }; visible: { opacity: number; y: number; transition: { duration: number; ease: string; }; }; }' is not assignable to type 'Variants'.
  Property 'visible' is incompatible with index signature.
    Type '{ opacity: number; y: number; transition: { duration: number; ease: string; }; }' is not assignable to type 'Variant'.
      Type '{ opacity: number; y: number; transition: { duration: number; ease: string; }; }' is not assignable to type 'TargetAndTransition'.
        Type '{ opacity: number; y: number; transition: { duration: number; ease: string; }; }' is not assignable to type '{ transition?: Transition<any> | undefined; transitionEnd?: ResolvedValues | undefined; }'.
          Types of property 'transition' are incompatible.
            Type '{ duration: number; ease: string; }' is not assignable to type 'Transition<any> | undefined'.
              Type '{ duration: number; ease: string; }' is not assignable to type 'TransitionWithValueOverrides<any>'.
                Type '{ duration: number; ease: string; }' is not assignable to type 'ValueAnimationTransition<any>'.
                  Types of property 'ease' are incompatible.
                    Type 'string' is not assignable to type 'Easing | Easing[] | undefined'.
components/ui/session-manager.tsx(20,11): error TS2339: Property 'logoutAll' does not exist on type 'AuthContextType'.
components/ui/testimonials-columns-1-demo.tsx(2,24): error TS2307: Cannot find module 'motion/react' or its corresponding type declarations.
components/ui/testimonials-columns-1.tsx(3,24): error TS2307: Cannot find module 'motion/react' or its corresponding type declarations.
components/ui/text-animation-demo.tsx(180,14): error TS2745: This JSX tag's 'children' prop expects type 'string' which requires multiple children, but only a single child was provided.
components/ui/text-effect-demo.tsx(46,8): error TS2322: Type '{ children: string[]; key: string; per: "char"; preset: "blur"; className: string; }' is not assignable to type 'TextEffectProps'.
  Types of property 'children' are incompatible.
    Type 'string[]' is not assignable to type 'string'.
components/ui/text-effect-demo.tsx(102,9): error TS2322: Type '{ container: { hidden: { opacity: number; }; visible: { opacity: number; transition: { staggerChildren: number; }; }; }; item: { hidden: () => { opacity: number; y: number; scale: number; }; visible: { opacity: number; y: number; scale: number; color: string; transition: { ...; }; }; }; }' is not assignable to type '{ container?: Variants | undefined; item?: Variants | undefined; }'.
  Types of property 'item' are incompatible.
    Type '{ hidden: () => { opacity: number; y: number; scale: number; }; visible: { opacity: number; y: number; scale: number; color: string; transition: { type: string; damping: number; stiffness: number; }; }; }' is not assignable to type 'Variants'.
      Property 'visible' is incompatible with index signature.
        Type '{ opacity: number; y: number; scale: number; color: string; transition: { type: string; damping: number; stiffness: number; }; }' is not assignable to type 'Variant'.
          Type '{ opacity: number; y: number; scale: number; color: string; transition: { type: string; damping: number; stiffness: number; }; }' is not assignable to type 'TargetAndTransition'.
            Type '{ opacity: number; y: number; scale: number; color: string; transition: { type: string; damping: number; stiffness: number; }; }' is not assignable to type '{ transition?: Transition<any> | undefined; transitionEnd?: ResolvedValues | undefined; }'.
              Types of property 'transition' are incompatible.
                Type '{ type: string; damping: number; stiffness: number; }' is not assignable to type 'Transition<any> | undefined'.
                  Type '{ type: string; damping: number; stiffness: number; }' is not assignable to type 'TransitionWithValueOverrides<any>'.
                    Type '{ type: string; damping: number; stiffness: number; }' is not assignable to type 'ValueAnimationTransition<any>'.
                      Types of property 'type' are incompatible.
                        Type 'string' is not assignable to type 'AnimationGeneratorType | undefined'.
components/ui/text-effect-demo.tsx(319,28): error TS2322: Type '{ container: { hidden: { opacity: number; }; visible: { opacity: number; transition: { staggerChildren: number; }; }; }; item: { hidden: () => { opacity: number; y: number; rotate: number; scale: number; color: string; }; visible: { ...; }; }; }' is not assignable to type '{ container?: Variants | undefined; item?: Variants | undefined; }'.
  Types of property 'item' are incompatible.
    Type '{ hidden: () => { opacity: number; y: number; rotate: number; scale: number; color: string; }; visible: { opacity: number; y: number; rotate: number; scale: number; color: string; transition: { type: string; damping: number; stiffness: number; }; }; }' is not assignable to type 'Variants'.
      Property 'visible' is incompatible with index signature.
        Type '{ opacity: number; y: number; rotate: number; scale: number; color: string; transition: { type: string; damping: number; stiffness: number; }; }' is not assignable to type 'Variant'.
          Type '{ opacity: number; y: number; rotate: number; scale: number; color: string; transition: { type: string; damping: number; stiffness: number; }; }' is not assignable to type 'TargetAndTransition'.
            Type '{ opacity: number; y: number; rotate: number; scale: number; color: string; transition: { type: string; damping: number; stiffness: number; }; }' is not assignable to type '{ transition?: Transition<any> | undefined; transitionEnd?: ResolvedValues | undefined; }'.
              Types of property 'transition' are incompatible.
                Type '{ type: string; damping: number; stiffness: number; }' is not assignable to type 'Transition<any> | undefined'.
                  Type '{ type: string; damping: number; stiffness: number; }' is not assignable to type 'TransitionWithValueOverrides<any>'.
                    Type '{ type: string; damping: number; stiffness: number; }' is not assignable to type 'ValueAnimationTransition<any>'.
                      Types of property 'type' are incompatible.
                        Type 'string' is not assignable to type 'AnimationGeneratorType | undefined'.
components/ui/use-toast.ts(11,6): error TS2300: Duplicate identifier 'Toast'.
components/ui/use-toast.ts(141,6): error TS2300: Duplicate identifier 'Toast'.
components/ui/use-toast.ts(158,7): error TS2353: Object literal may only specify known properties, and 'open' does not exist in type 'Toast'.
components/venue/VenueDetail.tsx(383,36): error TS2551: Property 'address_ko' does not exist on type 'Venue'. Did you mean 'address'?
components/venue/VenueDetail.tsx(384,20): error TS2551: Property 'address_ko' does not exist on type 'Venue'. Did you mean 'address'?
components/venue/VenueDetail.tsx(424,36): error TS2551: Property 'admission_info_ko' does not exist on type 'Venue'. Did you mean 'admission_info'?
components/venue/VenueDetail.tsx(425,20): error TS2551: Property 'admission_info_ko' does not exist on type 'Venue'. Did you mean 'admission_info'?
components/venue/VenueInfoCard.tsx(118,20): error TS2551: Property 'address_ko' does not exist on type 'Venue'. Did you mean 'address'?
components/venue/VenueInfoCard.tsx(120,18): error TS2551: Property 'address_en' does not exist on type 'Venue'. Did you mean 'address'?
components/venue/VenueInfoCard.tsx(309,20): error TS2551: Property 'address_ko' does not exist on type 'Venue'. Did you mean 'address'?
components/venue/VenueInfoCard.tsx(311,18): error TS2551: Property 'address_en' does not exist on type 'Venue'. Did you mean 'address'?
contexts/ArtworkViewingContext.tsx(134,7): error TS2322: Type '(prev: any) => any' is not assignable to type 'number'.
contexts/ArtworkViewingContext.tsx(134,22): error TS7006: Parameter 'prev' implicitly has an 'any' type.
contexts/OnboardingContext.tsx(36,39): error TS2339: Property 'created_at' does not exist on type 'AuthUser'.
data/art-styles.ts(4,3): error TS2739: Type '{ id: string; name: string; nameKo: string; description: string; descriptionKo: string; sample: string; tags: string[]; artist: string; movement: string; colorPalette: string[]; intensity: number; }' is missing the following properties from type 'ArtStyle': examples, characteristics
data/art-styles.ts(17,3): error TS2739: Type '{ id: string; name: string; nameKo: string; description: string; descriptionKo: string; sample: string; tags: string[]; artist: string; movement: string; colorPalette: string[]; intensity: number; }' is missing the following properties from type 'ArtStyle': examples, characteristics
data/art-styles.ts(30,3): error TS2739: Type '{ id: string; name: string; nameKo: string; description: string; descriptionKo: string; sample: string; tags: string[]; artist: string; movement: string; colorPalette: string[]; intensity: number; }' is missing the following properties from type 'ArtStyle': examples, characteristics
data/art-styles.ts(43,3): error TS2739: Type '{ id: string; name: string; nameKo: string; description: string; descriptionKo: string; sample: string; tags: string[]; artist: string; movement: string; colorPalette: string[]; intensity: number; }' is missing the following properties from type 'ArtStyle': examples, characteristics
data/art-styles.ts(56,3): error TS2739: Type '{ id: string; name: string; nameKo: string; description: string; descriptionKo: string; sample: string; tags: string[]; artist: string; movement: string; colorPalette: string[]; intensity: number; }' is missing the following properties from type 'ArtStyle': examples, characteristics
data/art-styles.ts(69,3): error TS2739: Type '{ id: string; name: string; nameKo: string; description: string; descriptionKo: string; sample: string; tags: string[]; artist: string; movement: string; colorPalette: string[]; intensity: number; }' is missing the following properties from type 'ArtStyle': examples, characteristics
data/chemistry-matrix.ts(142,9): error TS2322: Type '"gold" | "platinum" | "silver" | "bronze"' is not assignable to type '"perfect" | "good" | "challenging" | "learning"'.
  Type '"gold"' is not assignable to type '"perfect" | "good" | "challenging" | "learning"'.
data/narrative-quiz-questions-improved.ts(66,5): error TS2741: Property 'setup' is missing in type '{ transition: string; transition_ko: string; atmosphere: string; }' but required in type '{ setup: string; setup_ko?: string | undefined; transition?: string | undefined; transition_ko?: string | undefined; atmosphere?: string | undefined; }'.
data/narrative-quiz-questions-improved.ts(99,5): error TS2741: Property 'setup' is missing in type '{ transition: string; transition_ko: string; atmosphere: string; }' but required in type '{ setup: string; setup_ko?: string | undefined; transition?: string | undefined; transition_ko?: string | undefined; atmosphere?: string | undefined; }'.
data/narrative-quiz-questions-improved.ts(134,5): error TS2741: Property 'setup' is missing in type '{ transition: string; transition_ko: string; atmosphere: string; }' but required in type '{ setup: string; setup_ko?: string | undefined; transition?: string | undefined; transition_ko?: string | undefined; atmosphere?: string | undefined; }'.
data/narrative-quiz-questions-improved.ts(167,5): error TS2741: Property 'setup' is missing in type '{ transition: string; transition_ko: string; atmosphere: string; }' but required in type '{ setup: string; setup_ko?: string | undefined; transition?: string | undefined; transition_ko?: string | undefined; atmosphere?: string | undefined; }'.
data/narrative-quiz-questions-improved.ts(200,5): error TS2741: Property 'setup' is missing in type '{ transition: string; transition_ko: string; atmosphere: string; }' but required in type '{ setup: string; setup_ko?: string | undefined; transition?: string | undefined; transition_ko?: string | undefined; atmosphere?: string | undefined; }'.
data/narrative-quiz-questions-improved.ts(233,5): error TS2741: Property 'setup' is missing in type '{ transition: string; transition_ko: string; atmosphere: string; }' but required in type '{ setup: string; setup_ko?: string | undefined; transition?: string | undefined; transition_ko?: string | undefined; atmosphere?: string | undefined; }'.
data/narrative-quiz-questions-improved.ts(268,5): error TS2741: Property 'setup' is missing in type '{ transition: string; transition_ko: string; atmosphere: string; }' but required in type '{ setup: string; setup_ko?: string | undefined; transition?: string | undefined; transition_ko?: string | undefined; atmosphere?: string | undefined; }'.
data/narrative-quiz-questions-improved.ts(301,5): error TS2741: Property 'setup' is missing in type '{ transition: string; transition_ko: string; atmosphere: string; }' but required in type '{ setup: string; setup_ko?: string | undefined; transition?: string | undefined; transition_ko?: string | undefined; atmosphere?: string | undefined; }'.
data/narrative-quiz-questions-improved.ts(334,5): error TS2741: Property 'setup' is missing in type '{ transition: string; transition_ko: string; atmosphere: string; }' but required in type '{ setup: string; setup_ko?: string | undefined; transition?: string | undefined; transition_ko?: string | undefined; atmosphere?: string | undefined; }'.
data/narrative-quiz-questions-improved.ts(369,5): error TS2741: Property 'setup' is missing in type '{ transition: string; transition_ko: string; atmosphere: string; }' but required in type '{ setup: string; setup_ko?: string | undefined; transition?: string | undefined; transition_ko?: string | undefined; atmosphere?: string | undefined; }'.
data/narrative-quiz-questions-improved.ts(402,5): error TS2741: Property 'setup' is missing in type '{ transition: string; transition_ko: string; atmosphere: string; }' but required in type '{ setup: string; setup_ko?: string | undefined; transition?: string | undefined; transition_ko?: string | undefined; atmosphere?: string | undefined; }'.
data/narrative-quiz-questions-improved.ts(435,5): error TS2741: Property 'setup' is missing in type '{ transition: string; transition_ko: string; atmosphere: string; }' but required in type '{ setup: string; setup_ko?: string | undefined; transition?: string | undefined; transition_ko?: string | undefined; atmosphere?: string | undefined; }'.
data/narrative-quiz-questions-improved.ts(468,5): error TS2741: Property 'setup' is missing in type '{ transition: string; transition_ko: string; atmosphere: string; }' but required in type '{ setup: string; setup_ko?: string | undefined; transition?: string | undefined; transition_ko?: string | undefined; atmosphere?: string | undefined; }'.
data/narrative-quiz-questions-improved.ts(501,5): error TS2741: Property 'setup' is missing in type '{ transition: string; transition_ko: string; atmosphere: string; }' but required in type '{ setup: string; setup_ko?: string | undefined; transition?: string | undefined; transition_ko?: string | undefined; atmosphere?: string | undefined; }'.
data/narrative-quiz-questions.ts(65,5): error TS2741: Property 'setup' is missing in type '{ transition: string; transition_ko: string; atmosphere: string; }' but required in type '{ setup: string; setup_ko?: string | undefined; transition?: string | undefined; transition_ko?: string | undefined; atmosphere?: string | undefined; }'.
data/narrative-quiz-questions.ts(98,5): error TS2741: Property 'setup' is missing in type '{ transition: string; transition_ko: string; atmosphere: string; }' but required in type '{ setup: string; setup_ko?: string | undefined; transition?: string | undefined; transition_ko?: string | undefined; atmosphere?: string | undefined; }'.
data/narrative-quiz-questions.ts(133,5): error TS2741: Property 'setup' is missing in type '{ transition: string; transition_ko: string; atmosphere: string; }' but required in type '{ setup: string; setup_ko?: string | undefined; transition?: string | undefined; transition_ko?: string | undefined; atmosphere?: string | undefined; }'.
data/narrative-quiz-questions.ts(166,5): error TS2741: Property 'setup' is missing in type '{ transition: string; transition_ko: string; atmosphere: string; }' but required in type '{ setup: string; setup_ko?: string | undefined; transition?: string | undefined; transition_ko?: string | undefined; atmosphere?: string | undefined; }'.
data/narrative-quiz-questions.ts(199,5): error TS2741: Property 'setup' is missing in type '{ transition: string; transition_ko: string; atmosphere: string; }' but required in type '{ setup: string; setup_ko?: string | undefined; transition?: string | undefined; transition_ko?: string | undefined; atmosphere?: string | undefined; }'.
data/narrative-quiz-questions.ts(232,5): error TS2741: Property 'setup' is missing in type '{ transition: string; transition_ko: string; atmosphere: string; }' but required in type '{ setup: string; setup_ko?: string | undefined; transition?: string | undefined; transition_ko?: string | undefined; atmosphere?: string | undefined; }'.
data/narrative-quiz-questions.ts(267,5): error TS2741: Property 'setup' is missing in type '{ transition: string; transition_ko: string; atmosphere: string; }' but required in type '{ setup: string; setup_ko?: string | undefined; transition?: string | undefined; transition_ko?: string | undefined; atmosphere?: string | undefined; }'.
data/narrative-quiz-questions.ts(300,5): error TS2741: Property 'setup' is missing in type '{ transition: string; transition_ko: string; atmosphere: string; }' but required in type '{ setup: string; setup_ko?: string | undefined; transition?: string | undefined; transition_ko?: string | undefined; atmosphere?: string | undefined; }'.
data/narrative-quiz-questions.ts(333,5): error TS2741: Property 'setup' is missing in type '{ transition: string; transition_ko: string; atmosphere: string; }' but required in type '{ setup: string; setup_ko?: string | undefined; transition?: string | undefined; transition_ko?: string | undefined; atmosphere?: string | undefined; }'.
data/narrative-quiz-questions.ts(368,5): error TS2741: Property 'setup' is missing in type '{ transition: string; transition_ko: string; atmosphere: string; }' but required in type '{ setup: string; setup_ko?: string | undefined; transition?: string | undefined; transition_ko?: string | undefined; atmosphere?: string | undefined; }'.
data/narrative-quiz-questions.ts(401,5): error TS2741: Property 'setup' is missing in type '{ transition: string; transition_ko: string; atmosphere: string; }' but required in type '{ setup: string; setup_ko?: string | undefined; transition?: string | undefined; transition_ko?: string | undefined; atmosphere?: string | undefined; }'.
data/narrative-quiz-questions.ts(434,5): error TS2741: Property 'setup' is missing in type '{ transition: string; transition_ko: string; atmosphere: string; }' but required in type '{ setup: string; setup_ko?: string | undefined; transition?: string | undefined; transition_ko?: string | undefined; atmosphere?: string | undefined; }'.
data/narrative-quiz-questions.ts(467,5): error TS2741: Property 'setup' is missing in type '{ transition: string; transition_ko: string; atmosphere: string; }' but required in type '{ setup: string; setup_ko?: string | undefined; transition?: string | undefined; transition_ko?: string | undefined; atmosphere?: string | undefined; }'.
data/narrative-quiz-questions.ts(500,5): error TS2741: Property 'setup' is missing in type '{ transition: string; transition_ko: string; atmosphere: string; }' but required in type '{ setup: string; setup_ko?: string | undefined; transition?: string | undefined; transition_ko?: string | undefined; atmosphere?: string | undefined; }'.
data/personality-animals.ts(308,8): error TS1345: An expression of type 'void' cannot be tested for truthiness.
data/personality-descriptions.ts(730,5): error TS1117: An object literal cannot have multiple properties with the same name.
hooks/use-user.ts(27,73): error TS7006: Parameter '_event' implicitly has an 'any' type.
hooks/use-user.ts(27,81): error TS7006: Parameter 'session' implicitly has an 'any' type.
hooks/useArtistFollow.ts(136,21): error TS2304: Cannot find name 'originalFollowings'.
hooks/useArtvee.ts(51,5): error TS2769: No overload matches this call.
  Overload 1 of 3, '(options: DefinedInitialDataOptions<{ success: boolean; data: Artwork[]; personality_type: string; count: number; }, Error, { success: boolean; data: Artwork[]; personality_type: string; count: number; }, readonly unknown[]>, queryClient?: QueryClient | undefined): DefinedUseQueryResult<...>', gave the following error.
    Object literal may only specify known properties, and 'cacheTime' does not exist in type 'DefinedInitialDataOptions<{ success: boolean; data: Artwork[]; personality_type: string; count: number; }, Error, { success: boolean; data: Artwork[]; personality_type: string; count: number; }, readonly unknown[]>'.
  Overload 2 of 3, '(options: UndefinedInitialDataOptions<{ success: boolean; data: Artwork[]; personality_type: string; count: number; }, Error, { success: boolean; data: Artwork[]; personality_type: string; count: number; }, readonly unknown[]>, queryClient?: QueryClient | undefined): UseQueryResult<...>', gave the following error.
    Object literal may only specify known properties, and 'cacheTime' does not exist in type 'UndefinedInitialDataOptions<{ success: boolean; data: Artwork[]; personality_type: string; count: number; }, Error, { success: boolean; data: Artwork[]; personality_type: string; count: number; }, readonly unknown[]>'.
  Overload 3 of 3, '(options: UseQueryOptions<{ success: boolean; data: Artwork[]; personality_type: string; count: number; }, Error, { success: boolean; data: Artwork[]; personality_type: string; count: number; }, readonly unknown[]>, queryClient?: QueryClient | undefined): UseQueryResult<...>', gave the following error.
    Object literal may only specify known properties, and 'cacheTime' does not exist in type 'UseQueryOptions<{ success: boolean; data: Artwork[]; personality_type: string; count: number; }, Error, { success: boolean; data: Artwork[]; personality_type: string; count: number; }, readonly unknown[]>'.
hooks/useArtvee.ts(67,5): error TS2769: No overload matches this call.
  Overload 1 of 3, '(options: DefinedInitialDataOptions<Artwork, Error, Artwork, readonly unknown[]>, queryClient?: QueryClient | undefined): DefinedUseQueryResult<...>', gave the following error.
    Object literal may only specify known properties, and 'cacheTime' does not exist in type 'DefinedInitialDataOptions<Artwork, Error, Artwork, readonly unknown[]>'.
  Overload 2 of 3, '(options: UndefinedInitialDataOptions<Artwork, Error, Artwork, readonly unknown[]>, queryClient?: QueryClient | undefined): UseQueryResult<...>', gave the following error.
    Object literal may only specify known properties, and 'cacheTime' does not exist in type 'UndefinedInitialDataOptions<Artwork, Error, Artwork, readonly unknown[]>'.
  Overload 3 of 3, '(options: UseQueryOptions<Artwork, Error, Artwork, readonly unknown[]>, queryClient?: QueryClient | undefined): UseQueryResult<Artwork, Error>', gave the following error.
    Object literal may only specify known properties, and 'cacheTime' does not exist in type 'UseQueryOptions<Artwork, Error, Artwork, readonly unknown[]>'.
hooks/useArtvee.ts(86,5): error TS2769: No overload matches this call.
  Overload 1 of 3, '(options: DefinedInitialDataOptions<Artwork[], Error, Artwork[], readonly unknown[]>, queryClient?: QueryClient | undefined): DefinedUseQueryResult<...>', gave the following error.
    Object literal may only specify known properties, and 'cacheTime' does not exist in type 'DefinedInitialDataOptions<Artwork[], Error, Artwork[], readonly unknown[]>'.
  Overload 2 of 3, '(options: UndefinedInitialDataOptions<Artwork[], Error, Artwork[], readonly unknown[]>, queryClient?: QueryClient | undefined): UseQueryResult<...>', gave the following error.
    Object literal may only specify known properties, and 'cacheTime' does not exist in type 'UndefinedInitialDataOptions<Artwork[], Error, Artwork[], readonly unknown[]>'.
  Overload 3 of 3, '(options: UseQueryOptions<Artwork[], Error, Artwork[], readonly unknown[]>, queryClient?: QueryClient | undefined): UseQueryResult<Artwork[], Error>', gave the following error.
    Object literal may only specify known properties, and 'cacheTime' does not exist in type 'UseQueryOptions<Artwork[], Error, Artwork[], readonly unknown[]>'.
hooks/useArtvee.ts(114,5): error TS2769: No overload matches this call.
  Overload 1 of 3, '(options: DefinedInitialDataOptions<{ results: Artwork[]; total: number; }, Error, { results: Artwork[]; total: number; }, readonly unknown[]>, queryClient?: QueryClient | undefined): DefinedUseQueryResult<...>', gave the following error.
    Object literal may only specify known properties, and 'cacheTime' does not exist in type 'DefinedInitialDataOptions<{ results: Artwork[]; total: number; }, Error, { results: Artwork[]; total: number; }, readonly unknown[]>'.
  Overload 2 of 3, '(options: UndefinedInitialDataOptions<{ results: Artwork[]; total: number; }, Error, { results: Artwork[]; total: number; }, readonly unknown[]>, queryClient?: QueryClient | undefined): UseQueryResult<...>', gave the following error.
    Object literal may only specify known properties, and 'cacheTime' does not exist in type 'UndefinedInitialDataOptions<{ results: Artwork[]; total: number; }, Error, { results: Artwork[]; total: number; }, readonly unknown[]>'.
  Overload 3 of 3, '(options: UseQueryOptions<{ results: Artwork[]; total: number; }, Error, { results: Artwork[]; total: number; }, readonly unknown[]>, queryClient?: QueryClient | undefined): UseQueryResult<...>', gave the following error.
    Object literal may only specify known properties, and 'cacheTime' does not exist in type 'UseQueryOptions<{ results: Artwork[]; total: number; }, Error, { results: Artwork[]; total: number; }, readonly unknown[]>'.
hooks/useArtvee.ts(130,5): error TS2769: No overload matches this call.
  Overload 1 of 3, '(options: DefinedInitialDataOptions<Artwork[], Error, Artwork[], readonly unknown[]>, queryClient?: QueryClient | undefined): DefinedUseQueryResult<...>', gave the following error.
    Object literal may only specify known properties, and 'cacheTime' does not exist in type 'DefinedInitialDataOptions<Artwork[], Error, Artwork[], readonly unknown[]>'.
  Overload 2 of 3, '(options: UndefinedInitialDataOptions<Artwork[], Error, Artwork[], readonly unknown[]>, queryClient?: QueryClient | undefined): UseQueryResult<...>', gave the following error.
    Object literal may only specify known properties, and 'cacheTime' does not exist in type 'UndefinedInitialDataOptions<Artwork[], Error, Artwork[], readonly unknown[]>'.
  Overload 3 of 3, '(options: UseQueryOptions<Artwork[], Error, Artwork[], readonly unknown[]>, queryClient?: QueryClient | undefined): UseQueryResult<Artwork[], Error>', gave the following error.
    Object literal may only specify known properties, and 'cacheTime' does not exist in type 'UseQueryOptions<Artwork[], Error, Artwork[], readonly unknown[]>'.
hooks/useAuth.tsx(31,5): error TS2741: Property 'id' is missing in type '{ auth: User; profile: { id: string; auth_id: string | null; email: string; username: string | null; full_name: string | null; avatar_url: string | null; bio: string | null; personality_type: string | null; ... 7 more ...; updated_at: string; } | null; ... 5 more ...; archetypeName: string | null; }' but required in type 'AuthUser'.
hooks/useAuth.tsx(91,48): error TS7031: Binding element 'session' implicitly has an 'any' type.
hooks/useAuth.tsx(116,48): error TS7006: Parameter 'event' implicitly has an 'any' type.
hooks/useAuth.tsx(116,55): error TS7006: Parameter 'session' implicitly has an 'any' type.
hooks/useGamification.ts(8,3): error TS2459: Module '"@/lib/gamification-api"' declares 'Challenge' locally, but it is not exported.
hooks/useGamification.ts(9,3): error TS2459: Module '"@/lib/gamification-api"' declares 'LeaderboardEntry' locally, but it is not exported.
hooks/useGamification.ts(222,51): error TS2345: Argument of type '"weekly" | "monthly" | "all-time"' is not assignable to parameter of type 'LeaderboardType'.
  Type '"all-time"' is not assignable to type 'LeaderboardType'.
hooks/useGamification.ts(227,24): error TS2339: Property 'data' does not exist on type 'LeaderboardEntry[]'.
hooks/useGamification.ts(228,21): error TS2339: Property 'data' does not exist on type 'LeaderboardEntry[]'.
hooks/useReact19Optimizations.ts(27,5): error TS2345: Argument of type '((currentState: T, optimisticValue: T) => T) | ((current: T, optimisticValue: unknown) => unknown)' is not assignable to parameter of type '(state: T, action: T) => T'.
  Type '(current: T, optimisticValue: unknown) => unknown' is not assignable to type '(state: T, action: T) => T'.
    Type 'unknown' is not assignable to type 'T'.
      'T' could be instantiated with an arbitrary type which could be unrelated to 'unknown'.
hooks/useReact19Optimizations.ts(69,22): error TS2554: Expected 1 arguments, but got 0.
lib/animation-system.ts(339,21): error TS2339: Property 'animationTimeline' does not exist on type 'CSSStyleDeclaration'.
lib/animation-system.ts(341,23): error TS2551: Property 'animationRange' does not exist on type 'CSSStyleDeclaration'. Did you mean 'animationName'?
lib/animation-system.ts(402,15): error TS18048: 'threeConfig' is possibly 'undefined'.
lib/animation-system.ts(404,29): error TS18048: 'threeConfig' is possibly 'undefined'.
lib/animation-system.ts(404,64): error TS18048: 'threeConfig' is possibly 'undefined'.
lib/animation-system.ts(406,20): error TS18048: 'threeConfig' is possibly 'undefined'.
lib/animation-system.ts(406,44): error TS18048: 'threeConfig' is possibly 'undefined'.
lib/animation-system.ts(406,68): error TS18048: 'threeConfig' is possibly 'undefined'.
lib/animation-system.ts(407,20): error TS18048: 'threeConfig' is possibly 'undefined'.
lib/animation-system.ts(407,42): error TS18048: 'threeConfig' is possibly 'undefined'.
lib/animation-system.ts(407,64): error TS18048: 'threeConfig' is possibly 'undefined'.
lib/animation-system.ts(414,29): error TS18048: 'threeConfig' is possibly 'undefined'.
lib/animation-system.ts(414,64): error TS18048: 'threeConfig' is possibly 'undefined'.
lib/animation-system.ts(415,38): error TS18048: 'threeConfig' is possibly 'undefined'.
lib/animation-system.ts(415,59): error TS18048: 'threeConfig' is possibly 'undefined'.
lib/animation-system.ts(416,38): error TS18048: 'threeConfig' is possibly 'undefined'.
lib/animation-system.ts(416,59): error TS18048: 'threeConfig' is possibly 'undefined'.
lib/animation-system.ts(417,38): error TS18048: 'threeConfig' is possibly 'undefined'.
lib/animation-system.ts(417,59): error TS18048: 'threeConfig' is possibly 'undefined'.
lib/animation-system.ts(422,29): error TS18048: 'threeConfig' is possibly 'undefined'.
lib/animation-system.ts(422,64): error TS18048: 'threeConfig' is possibly 'undefined'.
lib/animation-system.ts(423,35): error TS18048: 'threeConfig' is possibly 'undefined'.
lib/animation-system.ts(423,56): error TS18048: 'threeConfig' is possibly 'undefined'.
lib/animation-system.ts(424,35): error TS18048: 'threeConfig' is possibly 'undefined'.
lib/animation-system.ts(424,56): error TS18048: 'threeConfig' is possibly 'undefined'.
lib/animation-system.ts(425,35): error TS18048: 'threeConfig' is possibly 'undefined'.
lib/animation-system.ts(425,56): error TS18048: 'threeConfig' is possibly 'undefined'.
lib/animation-system.ts(462,7): error TS2322: Type 'string | [number, number, number, number]' is not assignable to type 'EaseString | EaseFunction | undefined'.
  Type '[number, number, number, number]' is not assignable to type 'EaseString | EaseFunction | undefined'.
    Type '[number, number, number, number]' is not assignable to type '{} & string'.
      Type '[number, number, number, number]' is not assignable to type 'string'.
lib/animation-system.ts(470,34): error TS2339: Property 'progress' does not exist on type 'Number | TweenVars'.
  Property 'progress' does not exist on type 'Number'.
lib/animation-system.ts(471,36): error TS2339: Property 'progress' does not exist on type 'Number | TweenVars'.
  Property 'progress' does not exist on type 'Number'.
lib/api/art-pulse.ts(4,3): error TS2305: Module '"../../../shared"' has no exported member 'ArtPulseParticipation'.
lib/api/art-pulse.ts(5,3): error TS2305: Module '"../../../shared"' has no exported member 'ArtPulseAnalytics'.
lib/api/art-pulse.ts(6,3): error TS2305: Module '"../../../shared"' has no exported member 'TouchData'.
lib/api/art-pulse.ts(7,3): error TS2305: Module '"../../../shared"' has no exported member 'ResonanceData'.
lib/api/art-pulse.ts(153,47): error TS7006: Parameter 'p' implicitly has an 'any' type.
lib/api/art-pulse.ts(160,56): error TS7006: Parameter 'acc' implicitly has an 'any' type.
lib/api/art-pulse.ts(160,61): error TS7006: Parameter 'p' implicitly has an 'any' type.
lib/api/art-pulse.ts(196,21): error TS7006: Parameter 'd' implicitly has an 'any' type.
lib/api/art-pulse.ts(203,7): error TS2353: Object literal may only specify known properties, and 'dailyChallengeId' does not exist in type 'ArtPulseSession'.
lib/api/art-pulse.ts(256,9): error TS7053: Element implicitly has an 'any' type because expression of type 'any' can't be used to index type '{ sensory: number; emotional: number; cognitive: number; }'.
lib/api/artist-apt.ts(3,27): error TS2307: Cannot find module '../apiClient' or its corresponding type declarations.
lib/api/daily-challenge.ts(3,3): error TS2305: Module '"../../../shared"' has no exported member 'DailyChallenge'.
lib/api/daily-challenge.ts(4,3): error TS2305: Module '"../../../shared"' has no exported member 'ChallengeResponse'.
lib/api/daily-challenge.ts(5,3): error TS2305: Module '"../../../shared"' has no exported member 'UserTasteProfile'.
lib/api/daily-challenge.ts(6,3): error TS2305: Module '"../../../shared"' has no exported member 'ChallengeMatch'.
lib/api/daily-challenge.ts(7,3): error TS2305: Module '"../../../shared"' has no exported member 'DailyChallengeStats'.
lib/api/daily-challenge.ts(8,3): error TS2305: Module '"../../../shared"' has no exported member 'ChallengeProgressState'.
lib/api/daily-challenge.ts(190,37): error TS7006: Parameter 'emotion' implicitly has an 'any' type.
lib/api/exhibition-companion-simple.ts(303,11): error TS2345: Argument of type 'PostgrestFilterBuilder<any, any, { id: any; }[], "companion_matches", unknown>' is not assignable to parameter of type 'readonly any[]'.
  Type 'PostgrestFilterBuilder<any, any, { id: any; }[], "companion_matches", unknown>' is missing the following properties from type 'readonly any[]': length, concat, join, slice, and 25 more.
lib/api/exhibition-companion-simple.ts(311,39): error TS1215: Invalid use of 'eval'. Modules are automatically in strict mode.
lib/api/exhibition-companion.ts(3,3): error TS2305: Module '"../../../shared"' has no exported member 'Exhibition'.
lib/api/exhibition-companion.ts(4,3): error TS2305: Module '"../../../shared"' has no exported member 'CompanionRequest'.
lib/api/exhibition-companion.ts(5,3): error TS2305: Module '"../../../shared"' has no exported member 'CompanionMatch'.
lib/api/exhibition-companion.ts(6,3): error TS2305: Module '"../../../shared"' has no exported member 'CreateCompanionRequestData'.
lib/api/exhibition-companion.ts(487,9): error TS2300: Duplicate identifier 'respondToMatch'.
lib/api/exhibitionMatching.ts(2,34): error TS2307: Cannot find module './base' or its corresponding type declarations.
lib/api/exhibitionMatching.ts(227,33): error TS2304: Cannot find name 'useState'.
lib/api/exhibitionMatching.ts(228,37): error TS2304: Cannot find name 'useState'.
lib/api/exhibitionMatching.ts(229,37): error TS2304: Cannot find name 'useState'.
lib/api/exhibitionMatching.ts(230,37): error TS2304: Cannot find name 'useState'.
lib/api/exhibitionMatching.ts(231,29): error TS2304: Cannot find name 'useState'.
lib/api/exhibitionMatching.ts(232,55): error TS2304: Cannot find name 'useState'.
lib/api/exhibitionMatching.ts(235,30): error TS2304: Cannot find name 'useCallback'.
lib/api/exhibitionMatching.ts(258,23): error TS2304: Cannot find name 'useCallback'.
lib/api/exhibitionMatching.ts(280,23): error TS2304: Cannot find name 'useCallback'.
lib/api/exhibitionMatching.ts(303,23): error TS2304: Cannot find name 'useCallback'.
lib/api/exhibitionMatching.ts(311,20): error TS7006: Parameter 'prev' implicitly has an 'any' type.
lib/api/exhibitionMatching.ts(311,40): error TS7006: Parameter 'match' implicitly has an 'any' type.
lib/api/exhibitionMatching.ts(326,28): error TS2304: Cannot find name 'useCallback'.
lib/api/exhibitionMatching.ts(338,25): error TS2304: Cannot find name 'useCallback'.
lib/api/exhibitionMatching.ts(350,27): error TS2304: Cannot find name 'useCallback'.
lib/api/exhibitionMatching.ts(387,30): error TS2304: Cannot find name 'useCallback'.
lib/api/exhibitionMatching.ts(399,3): error TS2304: Cannot find name 'useEffect'.
lib/api/journey.ts(35,32): error TS2339: Property 'get' does not exist on type '{ quiz: { start: (sessionType: "exhibition" | "artwork", language?: string) => Promise<any>; submitAnswer: (sessionId: string, questionId: string, answer: string, timeSpent?: number | undefined) => Promise<...>; getResults: () => Promise<...>; }; ... 5 more ...; realtime: { ...; }; }'.
lib/api/journey.ts(46,32): error TS2339: Property 'get' does not exist on type '{ quiz: { start: (sessionType: "exhibition" | "artwork", language?: string) => Promise<any>; submitAnswer: (sessionId: string, questionId: string, answer: string, timeSpent?: number | undefined) => Promise<...>; getResults: () => Promise<...>; }; ... 5 more ...; realtime: { ...; }; }'.
lib/api/journey.ts(57,15): error TS2339: Property 'post' does not exist on type '{ quiz: { start: (sessionType: "exhibition" | "artwork", language?: string) => Promise<any>; submitAnswer: (sessionId: string, questionId: string, answer: string, timeSpent?: number | undefined) => Promise<...>; getResults: () => Promise<...>; }; ... 5 more ...; realtime: { ...; }; }'.
lib/api/journey.ts(68,15): error TS2339: Property 'post' does not exist on type '{ quiz: { start: (sessionType: "exhibition" | "artwork", language?: string) => Promise<any>; submitAnswer: (sessionId: string, questionId: string, answer: string, timeSpent?: number | undefined) => Promise<...>; getResults: () => Promise<...>; }; ... 5 more ...; realtime: { ...; }; }'.
lib/api/perception-exchange.ts(3,3): error TS2305: Module '"../../../shared"' has no exported member 'PerceptionExchangeSession'.
lib/api/perception-exchange.ts(4,3): error TS2305: Module '"../../../shared"' has no exported member 'PerceptionMessage'.
lib/api/perception-exchange.ts(5,3): error TS2305: Module '"../../../shared"' has no exported member 'ExchangePreferences'.
lib/api/perception-exchange.ts(6,3): error TS2305: Module '"../../../shared"' has no exported member 'CreateExchangeRequest'.
lib/api/perception-exchange.ts(7,3): error TS2305: Module '"../../../shared"' has no exported member 'ExchangeListItem'.
lib/api/perception-exchange.ts(76,9): error TS7006: Parameter 'msg' implicitly has an 'any' type.
lib/api/perception-exchange.ts(113,30): error TS2339: Property 'initiator_id' does not exist on type 'ParserError<"Unexpected input: ORDER BY sent_at ASC,\n        quality_metrics:exchange_quality_metrics(*)\n      ">'.
lib/api/perception-exchange.ts(114,42): error TS2339: Property 'partner_id' does not exist on type 'ParserError<"Unexpected input: ORDER BY sent_at ASC,\n        quality_metrics:exchange_quality_metrics(*)\n      ">'.
lib/api/perception-exchange.ts(114,60): error TS2339: Property 'initiator_id' does not exist on type 'ParserError<"Unexpected input: ORDER BY sent_at ASC,\n        quality_metrics:exchange_quality_metrics(*)\n      ">'.
lib/api/perception-exchange.ts(118,14): error TS2339: Property 'current_phase' does not exist on type 'ParserError<"Unexpected input: ORDER BY sent_at ASC,\n        quality_metrics:exchange_quality_metrics(*)\n      ">'.
lib/api/perception-exchange.ts(129,14): error TS2339: Property 'current_phase' does not exist on type 'ParserError<"Unexpected input: ORDER BY sent_at ASC,\n        quality_metrics:exchange_quality_metrics(*)\n      ">'.
lib/api/perception-exchange.ts(144,42): error TS2339: Property 'messages' does not exist on type 'ParserError<"Unexpected input: ORDER BY sent_at ASC,\n        quality_metrics:exchange_quality_metrics(*)\n      ">'.
lib/api/perception-exchange.ts(144,62): error TS7006: Parameter 'msg' implicitly has an 'any' type.
lib/api/perception-exchange.ts(148,18): error TS2339: Property 'current_phase' does not exist on type 'ParserError<"Unexpected input: ORDER BY sent_at ASC,\n        quality_metrics:exchange_quality_metrics(*)\n      ">'.
lib/api/perception-exchange.ts(149,18): error TS2339: Property 'current_phase' does not exist on type 'ParserError<"Unexpected input: ORDER BY sent_at ASC,\n        quality_metrics:exchange_quality_metrics(*)\n      ">'.
lib/api/perception-exchange.ts(157,7): error TS2698: Spread types may only be created from object types.
lib/api/pioneer.ts(21,32): error TS2339: Property 'get' does not exist on type '{ quiz: { start: (sessionType: "exhibition" | "artwork", language?: string) => Promise<any>; submitAnswer: (sessionId: string, questionId: string, answer: string, timeSpent?: number | undefined) => Promise<...>; getResults: () => Promise<...>; }; ... 5 more ...; realtime: { ...; }; }'.
lib/api/pioneer.ts(38,32): error TS2339: Property 'get' does not exist on type '{ quiz: { start: (sessionType: "exhibition" | "artwork", language?: string) => Promise<any>; submitAnswer: (sessionId: string, questionId: string, answer: string, timeSpent?: number | undefined) => Promise<...>; getResults: () => Promise<...>; }; ... 5 more ...; realtime: { ...; }; }'.
lib/api/simple-exchange.ts(76,17): error TS2339: Property 'apt_type' does not exist on type '{ id: any; apt_type: any; apt_dimensions: any; }[]'.
lib/api/simple-exchange.ts(77,17): error TS2339: Property 'apt_dimensions' does not exist on type '{ id: any; apt_type: any; apt_dimensions: any; }[]'.
lib/api/simple-exchange.ts(82,29): error TS2339: Property 'id' does not exist on type '{ id: any; apt_type: any; apt_dimensions: any; }[]'.
lib/api/simple-exchange.ts(103,9): error TS7053: Element implicitly has an 'any' type because expression of type 'string' can't be used to index type '{ LAEF: string[]; LAEC: string[]; LAMF: string[]; LAMC: string[]; }'.
  No index signature with a parameter of type 'string' was found on type '{ LAEF: string[]; LAEC: string[]; LAMF: string[]; LAMC: string[]; }'.
lib/api/user-profile.ts(82,5): error TS2322: Type 'string | false' is not assignable to type 'boolean'.
  Type 'string' is not assignable to type 'boolean'.
lib/artist-adapter.ts(44,14): error TS2352: Conversion of type '{ copyrightStatus: "public_domain"; sources: { wikidata: string | undefined; wikimedia: string | undefined; }; id: string; name: { en: string; ko: string; }; nationality: string; birthYear: number | undefined; ... 4 more ...; followCount: number; }' to type 'PublicDomainArtist' may be a mistake because neither type sufficiently overlaps with the other. If this was intentional, convert the expression to 'unknown' first.
  Type '{ copyrightStatus: "public_domain"; sources: { wikidata: string | undefined; wikimedia: string | undefined; }; id: string; name: { en: string; ko: string; }; nationality: string; birthYear: number | undefined; ... 4 more ...; followCount: number; }' is missing the following properties from type 'PublicDomainArtist': createdAt, updatedAt
lib/artist-adapter.ts(54,14): error TS2352: Conversion of type '{ copyrightStatus: "licensed"; licenseInfo: { holder: string; contact: string; type: string; usageRights: string[]; }; id: string; name: { en: string; ko: string; }; nationality: string; birthYear: number | undefined; ... 4 more ...; followCount: number; }' to type 'LicensedArtist' may be a mistake because neither type sufficiently overlaps with the other. If this was intentional, convert the expression to 'unknown' first.
  Type '{ copyrightStatus: "licensed"; licenseInfo: { holder: string; contact: string; type: string; usageRights: string[]; }; id: string; name: { en: string; ko: string; }; nationality: string; birthYear: number | undefined; ... 4 more ...; followCount: number; }' is missing the following properties from type 'LicensedArtist': createdAt, updatedAt
lib/artist-adapter.ts(66,14): error TS2352: Conversion of type '{ copyrightStatus: "contemporary"; representation: { gallery: string; website: string; }; recentExhibitions: never[]; id: string; name: { en: string; ko: string; }; nationality: string; birthYear: number | undefined; ... 4 more ...; followCount: number; }' to type 'ContemporaryArtist' may be a mistake because neither type sufficiently overlaps with the other. If this was intentional, convert the expression to 'unknown' first.
  Type '{ copyrightStatus: "contemporary"; representation: { gallery: string; website: string; }; recentExhibitions: never[]; id: string; name: { en: string; ko: string; }; nationality: string; birthYear: number | undefined; ... 4 more ...; followCount: number; }' is missing the following properties from type 'ContemporaryArtist': officialLinks, mediaLinks, createdAt, updatedAt
lib/artist-adapter.ts(77,14): error TS2352: Conversion of type '{ copyrightStatus: "verified_artist"; isVerified: true; verificationDate: string; artistManaged: { profileImage: any; allowedWorks: never[]; socialLinks: {}; }; permissions: { canShareImages: true; allowCommercialUse: false; allowDerivativeWorks: false; }; ... 8 more ...; followCount: number; }' to type 'VerifiedArtist' may be a mistake because neither type sufficiently overlaps with the other. If this was intentional, convert the expression to 'unknown' first.
  Type '{ copyrightStatus: "verified_artist"; isVerified: true; verificationDate: string; artistManaged: { profileImage: any; allowedWorks: never[]; socialLinks: {}; }; permissions: { canShareImages: true; allowCommercialUse: false; allowDerivativeWorks: false; }; ... 8 more ...; followCount: number; }' is missing the following properties from type 'VerifiedArtist': verificationMethod, createdAt, updatedAt
lib/artist-adapter.ts(96,14): error TS2352: Conversion of type '{ copyrightStatus: "contemporary"; representation: {}; recentExhibitions: never[]; id: string; name: { en: string; ko: string; }; nationality: string; birthYear: number | undefined; deathYear: number | undefined; bio: { ...; }; images: any; workCount: number; followCount: number; }' to type 'ContemporaryArtist' may be a mistake because neither type sufficiently overlaps with the other. If this was intentional, convert the expression to 'unknown' first.
  Type '{ copyrightStatus: "contemporary"; representation: {}; recentExhibitions: never[]; id: string; name: { en: string; ko: string; }; nationality: string; birthYear: number | undefined; deathYear: number | undefined; bio: { ...; }; images: any; workCount: number; followCount: number; }' is missing the following properties from type 'ContemporaryArtist': officialLinks, mediaLinks, createdAt, updatedAt
lib/artists-api.ts(2,36): error TS2307: Cannot find module '@/types/common' or its corresponding type declarations.
lib/artists-api.ts(135,23): error TS2484: Export declaration conflicts with exported declaration of 'ArtistFilters'.
lib/artists-api.ts(135,38): error TS2484: Export declaration conflicts with exported declaration of 'ArtistListParams'.
lib/auth.ts(54,5): error TS2345: Argument of type 'OAuthConfig<GoogleProfile>' is not assignable to parameter of type 'CredentialsConfig<{ email: { label: string; type: string; }; password: { label: string; type: string; }; }>'.
  Type 'OAuthConfig<GoogleProfile>' is missing the following properties from type 'CredentialsConfig<{ email: { label: string; type: string; }; password: { label: string; type: string; }; }>': credentials, authorize
lib/auth.ts(63,5): error TS2345: Argument of type 'OAuthConfig<GithubProfile>' is not assignable to parameter of type 'CredentialsConfig<{ email: { label: string; type: string; }; password: { label: string; type: string; }; }>'.
  Type 'OAuthConfig<GithubProfile>' is missing the following properties from type 'CredentialsConfig<{ email: { label: string; type: string; }; password: { label: string; type: string; }; }>': credentials, authorize
lib/auth.ts(72,5): error TS2345: Argument of type 'OAuthConfig<AppleProfile>' is not assignable to parameter of type 'CredentialsConfig<{ email: { label: string; type: string; }; password: { label: string; type: string; }; }>'.
  Type 'OAuthConfig<AppleProfile>' is missing the following properties from type 'CredentialsConfig<{ email: { label: string; type: string; }; password: { label: string; type: string; }; }>': credentials, authorize
lib/auth.ts(81,5): error TS2345: Argument of type 'OAuthConfig<DiscordProfile>' is not assignable to parameter of type 'CredentialsConfig<{ email: { label: string; type: string; }; password: { label: string; type: string; }; }>'.
  Type 'OAuthConfig<DiscordProfile>' is missing the following properties from type 'CredentialsConfig<{ email: { label: string; type: string; }; password: { label: string; type: string; }; }>': credentials, authorize
lib/auth.ts(96,11): error TS2322: Type '({ user, account, profile }: { user: any; account: any; profile: any; }) => Promise<boolean>' is not assignable to type '(params: { user: User | AdapterUser; account: Account | null; profile?: Profile | undefined; email?: { verificationRequest?: boolean | undefined; } | undefined; credentials?: Record<...> | undefined; }) => Awaitable<...>'.
  Types of parameters '__0' and 'params' are incompatible.
    Type '{ user: User | AdapterUser; account: Account | null; profile?: Profile | undefined; email?: { verificationRequest?: boolean | undefined; } | undefined; credentials?: Record<...> | undefined; }' is not assignable to type '{ user: any; account: any; profile: any; }'.
      Property 'profile' is optional in type '{ user: User | AdapterUser; account: Account | null; profile?: Profile | undefined; email?: { verificationRequest?: boolean | undefined; } | undefined; credentials?: Record<...> | undefined; }' but required in type '{ user: any; account: any; profile: any; }'.
lib/chatbot-context.ts(221,24): error TS7053: Element implicitly has an 'any' type because expression of type '"results" | "profile" | "unknown" | "exhibition" | "gallery" | "artwork" | "quiz" | "home"' can't be used to index type '{ home: { initial: string[]; suggestions: string[]; idlePrompts: string[]; }; quiz: { initial: string[]; suggestions: string[]; idlePrompts: string[]; }; gallery: { initial: string[]; suggestions: string[]; idlePrompts: string[]; }; artwork: { ...; }; profile: { ...; }; exhibition: { ...; }; results: { ...; }; }'.
  Property 'unknown' does not exist on type '{ home: { initial: string[]; suggestions: string[]; idlePrompts: string[]; }; quiz: { initial: string[]; suggestions: string[]; idlePrompts: string[]; }; gallery: { initial: string[]; suggestions: string[]; idlePrompts: string[]; }; artwork: { ...; }; profile: { ...; }; exhibition: { ...; }; results: { ...; }; }'.
lib/chatbot-context.ts(231,54): error TS2339: Property 'personalityType' does not exist on type '{ artworkId?: string | undefined; artworkTitle?: string | undefined; artistName?: string | undefined; exhibitionName?: string | undefined; quizStep?: number | undefined; }'.
lib/chatbot-performance.ts(32,25): error TS2345: Argument of type 'string | undefined' is not assignable to parameter of type 'string'.
  Type 'undefined' is not assignable to type 'string'.
lib/chatbot-performance.ts(141,13): error TS2339: Property 'src' does not exist on type 'Element'.
lib/chatbot-performance.ts(141,23): error TS2339: Property 'dataset' does not exist on type 'Element'.
lib/chatbot-performance.ts(142,20): error TS2339: Property 'dataset' does not exist on type 'Element'.
lib/email-api.ts(39,30): error TS2339: Property 'get' does not exist on type '{ quiz: { start: (data: { userPreferences?: any; language?: string | undefined; sessionType?: string | undefined; }) => Promise<any>; answer: (data: { sessionId: string; questionId: string; choiceId: string; }) => Promise<...>; getResults: () => Promise<...>; }; ... 7 more ...; health: () => Promise<...>; }'.
lib/email-api.ts(49,30): error TS2339: Property 'put' does not exist on type '{ quiz: { start: (data: { userPreferences?: any; language?: string | undefined; sessionType?: string | undefined; }) => Promise<any>; answer: (data: { sessionId: string; questionId: string; choiceId: string; }) => Promise<...>; getResults: () => Promise<...>; }; ... 7 more ...; health: () => Promise<...>; }'.
lib/email-api.ts(57,13): error TS2339: Property 'post' does not exist on type '{ quiz: { start: (data: { userPreferences?: any; language?: string | undefined; sessionType?: string | undefined; }) => Promise<any>; answer: (data: { sessionId: string; questionId: string; choiceId: string; }) => Promise<...>; getResults: () => Promise<...>; }; ... 7 more ...; health: () => Promise<...>; }'.
lib/email-api.ts(64,13): error TS2339: Property 'post' does not exist on type '{ quiz: { start: (data: { userPreferences?: any; language?: string | undefined; sessionType?: string | undefined; }) => Promise<any>; answer: (data: { sessionId: string; questionId: string; choiceId: string; }) => Promise<...>; getResults: () => Promise<...>; }; ... 7 more ...; health: () => Promise<...>; }'.
lib/email-api.ts(71,13): error TS2339: Property 'post' does not exist on type '{ quiz: { start: (data: { userPreferences?: any; language?: string | undefined; sessionType?: string | undefined; }) => Promise<any>; answer: (data: { sessionId: string; questionId: string; choiceId: string; }) => Promise<...>; getResults: () => Promise<...>; }; ... 7 more ...; health: () => Promise<...>; }'.
lib/email-api.ts(78,30): error TS2339: Property 'get' does not exist on type '{ quiz: { start: (data: { userPreferences?: any; language?: string | undefined; sessionType?: string | undefined; }) => Promise<any>; answer: (data: { sessionId: string; questionId: string; choiceId: string; }) => Promise<...>; getResults: () => Promise<...>; }; ... 7 more ...; health: () => Promise<...>; }'.
lib/email-api.ts(86,13): error TS2339: Property 'post' does not exist on type '{ quiz: { start: (data: { userPreferences?: any; language?: string | undefined; sessionType?: string | undefined; }) => Promise<any>; answer: (data: { sessionId: string; questionId: string; choiceId: string; }) => Promise<...>; getResults: () => Promise<...>; }; ... 7 more ...; health: () => Promise<...>; }'.
lib/email-api.ts(97,13): error TS2339: Property 'post' does not exist on type '{ quiz: { start: (data: { userPreferences?: any; language?: string | undefined; sessionType?: string | undefined; }) => Promise<any>; answer: (data: { sessionId: string; questionId: string; choiceId: string; }) => Promise<...>; getResults: () => Promise<...>; }; ... 7 more ...; health: () => Promise<...>; }'.
lib/evolution-api.ts(18,12): error TS18046: 'response' is of type 'unknown'.
lib/evolution-api.ts(27,12): error TS18046: 'response' is of type 'unknown'.
lib/evolution-api.ts(33,12): error TS18046: 'response' is of type 'unknown'.
lib/evolution-api.ts(43,12): error TS18046: 'response' is of type 'unknown'.
lib/evolution-api.ts(53,12): error TS18046: 'response' is of type 'unknown'.
lib/evolution-api.ts(59,7): error TS2353: Object literal may only specify known properties, and 'params' does not exist in type 'RequestInit'.
lib/evolution-api.ts(61,12): error TS18046: 'response' is of type 'unknown'.
lib/evolution-api.ts(80,12): error TS18046: 'response' is of type 'unknown'.
lib/evolution-api.ts(93,12): error TS18046: 'response' is of type 'unknown'.
lib/evolution-api.ts(98,48): error TS2353: Object literal may only specify known properties, and 'targetId' does not exist in type 'ActionContext'.
lib/evolution-api.ts(102,48): error TS2353: Object literal may only specify known properties, and 'targetId' does not exist in type 'ActionContext'.
lib/evolution-api.ts(107,7): error TS2353: Object literal may only specify known properties, and 'targetId' does not exist in type 'ActionContext'.
lib/evolution-api.ts(114,47): error TS2353: Object literal may only specify known properties, and 'targetId' does not exist in type 'ActionContext'.
lib/evolution-api.ts(118,53): error TS2353: Object literal may only specify known properties, and 'targetType' does not exist in type 'ActionContext'.
lib/evolution-api.ts(122,48): error TS2353: Object literal may only specify known properties, and 'targetId' does not exist in type 'ActionContext'.
lib/evolution-api.ts(127,7): error TS2353: Object literal may only specify known properties, and 'targetId' does not exist in type 'ActionContext'.
lib/evolution-api.ts(155,16): error TS2339: Property 'evolved' does not exist on type 'ActionResult'.
lib/follow-api.ts(76,7): error TS2561: Object literal may only specify known properties, but 'followerCount' does not exist in type 'FollowStats'. Did you mean to write 'followersCount'?
lib/gallery-api.ts(1,36): error TS2307: Cannot find module '@/types/common' or its corresponding type declarations.
lib/gallery-api.ts(95,45): error TS2345: Argument of type '{ isLiked: string; page?: number; limit?: number; artist?: string; sayuType?: string; search?: string; isArchived?: boolean; sortBy?: "title" | "artist" | "createdAt" | "updatedAt"; sortOrder?: "asc" | "desc"; }' is not assignable to parameter of type 'string | Record<string, string> | URLSearchParams | string[][] | undefined'.
  Type '{ isLiked: string; page?: number; limit?: number; artist?: string; sayuType?: string; search?: string; isArchived?: boolean; sortBy?: "title" | "artist" | "createdAt" | "updatedAt"; sortOrder?: "asc" | "desc"; }' is not assignable to type 'undefined'.
lib/gallery-api.ts(110,45): error TS2345: Argument of type '{ isArchived: string; page?: number; limit?: number; artist?: string; sayuType?: string; search?: string; isLiked?: boolean; sortBy?: "title" | "artist" | "createdAt" | "updatedAt"; sortOrder?: "asc" | "desc"; }' is not assignable to parameter of type 'string | Record<string, string> | URLSearchParams | string[][] | undefined'.
  Type '{ isArchived: string; page?: number; limit?: number; artist?: string; sayuType?: string; search?: string; isLiked?: boolean; sortBy?: "title" | "artist" | "createdAt" | "updatedAt"; sortOrder?: "asc" | "desc"; }' is not assignable to type 'undefined'.
lib/gallery-api.ts(168,45): error TS2345: Argument of type '{ artist: string; page?: number; limit?: number; sayuType?: string; search?: string; isLiked?: boolean; isArchived?: boolean; sortBy?: "title" | "artist" | "createdAt" | "updatedAt"; sortOrder?: "asc" | "desc"; }' is not assignable to parameter of type 'string | Record<string, string> | URLSearchParams | string[][] | undefined'.
  Type '{ artist: string; page?: number; limit?: number; sayuType?: string; search?: string; isLiked?: boolean; isArchived?: boolean; sortBy?: "title" | "artist" | "createdAt" | "updatedAt"; sortOrder?: "asc" | "desc"; }' is not assignable to type 'undefined'.
lib/gallery-api.ts(183,40): error TS2345: Argument of type '{ artist?: string; sayuType?: string; search: string; isLiked?: boolean; isArchived?: boolean; sortBy?: "title" | "artist" | "createdAt" | "updatedAt"; sortOrder?: "asc" | "desc"; }' is not assignable to parameter of type 'string | Record<string, string> | URLSearchParams | string[][] | undefined'.
  Type '{ artist?: string; sayuType?: string; search: string; isLiked?: boolean; isArchived?: boolean; sortBy?: "title" | "artist" | "createdAt" | "updatedAt"; sortOrder?: "asc" | "desc"; }' is not assignable to type 'undefined'.
lib/gallery-api.ts(254,15): error TS2484: Export declaration conflicts with exported declaration of 'Artwork'.
lib/gallery-api.ts(254,24): error TS2484: Export declaration conflicts with exported declaration of 'ArtworkFilters'.
lib/gallery-api.ts(254,40): error TS2484: Export declaration conflicts with exported declaration of 'ArtworkListParams'.
lib/gallery-api.ts(254,59): error TS2484: Export declaration conflicts with exported declaration of 'FollowingArtist'.
lib/i18n/config.ts(15,4): error TS2769: No overload matches this call.
  Overload 1 of 2, '(callback?: Callback | undefined): Promise<TFunction<"translation", undefined>>', gave the following error.
    Object literal may only specify known properties, and 'resources' does not exist in type 'Callback'.
  Overload 2 of 2, '(options: InitOptions<unknown>, callback?: Callback | undefined): Promise<TFunction<"translation", undefined>>', gave the following error.
    Type '(lng: string[], ns: string, key: string) => void' is not assignable to type 'false | ((lngs: readonly string[], ns: string, key: string, fallbackValue: string, updateMissing: boolean, options: any) => void) | undefined'.
      Type '(lng: string[], ns: string, key: string) => void' is not assignable to type '(lngs: readonly string[], ns: string, key: string, fallbackValue: string, updateMissing: boolean, options: any) => void'.
        Types of parameters 'lng' and 'lngs' are incompatible.
          The type 'readonly string[]' is 'readonly' and cannot be assigned to the mutable type 'string[]'.
lib/profile-api.ts(1,36): error TS2307: Cannot find module '@/types/common' or its corresponding type declarations.
lib/profile-api.ts(390,15): error TS2484: Export declaration conflicts with exported declaration of 'UserProfile'.
lib/profile-api.ts(390,28): error TS2484: Export declaration conflicts with exported declaration of 'Museum'.
lib/profile-api.ts(390,36): error TS2484: Export declaration conflicts with exported declaration of 'ExhibitionVisit'.
lib/profile-api.ts(390,53): error TS2484: Export declaration conflicts with exported declaration of 'Badge'.
lib/profile-api.ts(390,60): error TS2484: Export declaration conflicts with exported declaration of 'ProfileVisitParams'.
lib/push-notifications.ts(78,9): error TS2353: Object literal may only specify known properties, and 'keys' does not exist in type 'PushSubscription'.
lib/simulationDesign.ts(300,9): error TS7053: Element implicitly has an 'any' type because expression of type 'string' can't be used to index type '{ L: number; S: number; A: number; R: number; E: number; M: number; F: number; C: number; }'.
  No index signature with a parameter of type 'string' was found on type '{ L: number; S: number; A: number; R: number; E: number; M: number; F: number; C: number; }'.
lib/simulationDesign.ts(300,25): error TS7053: Element implicitly has an 'any' type because expression of type 'string' can't be used to index type '{ L: number; S: number; A: number; R: number; E: number; M: number; F: number; C: number; }'.
  No index signature with a parameter of type 'string' was found on type '{ L: number; S: number; A: number; R: number; E: number; M: number; F: number; C: number; }'.
src/components/gamification/GamificationDashboard.tsx(46,37): error TS2339: Property 'levelColor' does not exist on type 'UserStats'.
src/components/gamification/GamificationDashboard.tsx(47,36): error TS2339: Property 'levelIcon' does not exist on type 'UserStats'.
src/components/gamification/GamificationDashboard.tsx(52,24): error TS2339: Property 'weeklyRank' does not exist on type 'UserStats'.
src/components/gamification/GamificationDashboard.tsx(55,70): error TS2339: Property 'weeklyRank' does not exist on type 'UserStats'.
src/components/gamification/GamificationDashboard.tsx(85,11): error TS2322: Type 'Date' is not assignable to type 'string'.
src/components/gamification/GamificationDashboard.tsx(110,29): error TS2322: Type 'Mission[]' is not assignable to type 'DailyQuest[]'.
  Property 'xpReward' is missing in type 'Mission' but required in type 'DailyQuest'.
src/hooks/useGamification.ts(18,5): error TS2769: No overload matches this call.
  Overload 1 of 3, '(options: DefinedInitialDataOptions<unknown, Error, unknown, string[]>, queryClient?: QueryClient | undefined): DefinedUseQueryResult<unknown, Error>', gave the following error.
    Type '(userId?: string | undefined) => Promise<{ data: UserStats; }>' is not assignable to type 'QueryFunction<unknown, string[]>'.
      Types of parameters 'userId' and 'context' are incompatible.
        Type '{ client: QueryClient; queryKey: string[]; signal: AbortSignal; meta: Record<string, unknown> | undefined; pageParam?: unknown; direction?: unknown; }' is not assignable to type 'string'.
  Overload 2 of 3, '(options: UndefinedInitialDataOptions<{ data: UserStats; }, Error, { data: UserStats; }, string[]>, queryClient?: QueryClient | undefined): UseQueryResult<...>', gave the following error.
    Type '(userId?: string | undefined) => Promise<{ data: UserStats; }>' is not assignable to type 'unique symbol | QueryFunction<{ data: UserStats; }, string[], never> | undefined'.
      Type '(userId?: string | undefined) => Promise<{ data: UserStats; }>' is not assignable to type 'QueryFunction<{ data: UserStats; }, string[], never>'.
        Types of parameters 'userId' and 'context' are incompatible.
          Type '{ client: QueryClient; queryKey: string[]; signal: AbortSignal; meta: Record<string, unknown> | undefined; pageParam?: unknown; direction?: unknown; }' is not assignable to type 'string'.
  Overload 3 of 3, '(options: UseQueryOptions<{ data: UserStats; }, Error, { data: UserStats; }, string[]>, queryClient?: QueryClient | undefined): UseQueryResult<...>', gave the following error.
    Type '(userId?: string | undefined) => Promise<{ data: UserStats; }>' is not assignable to type 'unique symbol | QueryFunction<{ data: UserStats; }, string[], never> | undefined'.
      Type '(userId?: string | undefined) => Promise<{ data: UserStats; }>' is not assignable to type 'QueryFunction<{ data: UserStats; }, string[], never>'.
        Types of parameters 'userId' and 'context' are incompatible.
          Type '{ client: QueryClient; queryKey: string[]; signal: AbortSignal; meta: Record<string, unknown> | undefined; pageParam?: unknown; direction?: unknown; }' is not assignable to type 'string'.
src/hooks/useGamification.ts(264,23): error TS2339: Property 'data' does not exist on type '{}'.
src/hooks/useGamification.ts(266,21): error TS2339: Property 'data' does not exist on type 'DailyQuest[]'.
